[2025-05-15 15:16:57,682][root][INFO] - 
------Config------
 {'dataset': 'WN18RR', 'epoch': 800, 'batch_size': 256, 'learning_rate': 0.0015, 'h_dim': 200, 'pred_rel_w': True, 'label_smooth': 0.1, 'kg_layer': 1, 'rm_rate': 0.5, 'ent_drop': 0.2, 'rel_drop': 0, 'comp_op': 'mul', 'bn': True, 'k_h': 10, 'k_w': 20, 'ent_drop_pred': 0.3, 'conv_drop': 0.1, 'fc_drop': 0.4, 'ker_sz': 7, 'out_channel': 250, 'device': 0, 'max_no_improve': 50, 'cpu_worker_num': 10, 'warmup_epoch': 5}
[2025-05-15 15:16:57,682][root][INFO] - Code dir path: /home/evsjtu/wcf/SE-GNN-main/code
[2025-05-15 15:16:57,682][root][INFO] - Config dir path: /home/evsjtu/wcf/SE-GNN-main/config
[2025-05-15 15:16:57,683][root][INFO] - Model save path: /home/evsjtu/wcf/SE-GNN-main/data/output/WN18RR/2025-05-15/15-16-57
[2025-05-15 15:17:00,972][root][INFO] - kg # node: 40943
[2025-05-15 15:17:00,972][root][INFO] - kg # edge: 173670
[2025-05-15 15:17:00,972][root][INFO] - kg # zero deg node: 384
[2025-05-15 15:17:00,972][root][INFO] - ---Load Train Data---
[2025-05-15 15:17:02,679][root][INFO] - -----Model Parameter Configuration-----
[2025-05-15 15:17:02,680][root][INFO] - Parameter ent_emb: torch.Size([40943, 200]), require_grad = True
[2025-05-15 15:17:02,680][root][INFO] - Parameter rel_w: torch.Size([200, 200]), require_grad = True
[2025-05-15 15:17:02,680][root][INFO] - Parameter edge_layers.0.w_o: torch.Size([200, 200]), require_grad = True
[2025-05-15 15:17:02,681][root][INFO] - Parameter edge_layers.0.w_i: torch.Size([200, 200]), require_grad = True
[2025-05-15 15:17:02,681][root][INFO] - Parameter edge_layers.0.neigh_w: torch.Size([200, 200]), require_grad = True
[2025-05-15 15:17:02,681][root][INFO] - Parameter edge_layers.0.bn.weight: torch.Size([200]), require_grad = True
[2025-05-15 15:17:02,682][root][INFO] - Parameter edge_layers.0.bn.bias: torch.Size([200]), require_grad = True
[2025-05-15 15:17:02,682][root][INFO] - Parameter node_layers.0.w_o: torch.Size([200, 200]), require_grad = True
[2025-05-15 15:17:02,682][root][INFO] - Parameter node_layers.0.w_i: torch.Size([200, 200]), require_grad = True
[2025-05-15 15:17:02,683][root][INFO] - Parameter node_layers.0.neigh_w: torch.Size([200, 200]), require_grad = True
[2025-05-15 15:17:02,683][root][INFO] - Parameter node_layers.0.bn.weight: torch.Size([200]), require_grad = True
[2025-05-15 15:17:02,683][root][INFO] - Parameter node_layers.0.bn.bias: torch.Size([200]), require_grad = True
[2025-05-15 15:17:02,684][root][INFO] - Parameter comp_layers.0.neigh_w: torch.Size([200, 200]), require_grad = True
[2025-05-15 15:17:02,684][root][INFO] - Parameter comp_layers.0.w_o: torch.Size([200, 200]), require_grad = True
[2025-05-15 15:17:02,685][root][INFO] - Parameter comp_layers.0.w_i: torch.Size([200, 200]), require_grad = True
[2025-05-15 15:17:02,685][root][INFO] - Parameter comp_layers.0.bn.weight: torch.Size([200]), require_grad = True
[2025-05-15 15:17:02,686][root][INFO] - Parameter comp_layers.0.bn.bias: torch.Size([200]), require_grad = True
[2025-05-15 15:17:02,686][root][INFO] - Parameter rel_embs.0: torch.Size([22, 200]), require_grad = True
[2025-05-15 15:17:02,687][root][INFO] - Parameter predictor.bn0.weight: torch.Size([1]), require_grad = True
[2025-05-15 15:17:02,687][root][INFO] - Parameter predictor.bn0.bias: torch.Size([1]), require_grad = True
[2025-05-15 15:17:02,687][root][INFO] - Parameter predictor.bn1.weight: torch.Size([250]), require_grad = True
[2025-05-15 15:17:02,688][root][INFO] - Parameter predictor.bn1.bias: torch.Size([250]), require_grad = True
[2025-05-15 15:17:02,688][root][INFO] - Parameter predictor.bn2.weight: torch.Size([200]), require_grad = True
[2025-05-15 15:17:02,688][root][INFO] - Parameter predictor.bn2.bias: torch.Size([200]), require_grad = True
[2025-05-15 15:17:02,689][root][INFO] - Parameter predictor.conv.weight: torch.Size([250, 1, 7, 7]), require_grad = True
[2025-05-15 15:17:02,689][root][INFO] - Parameter predictor.fc.weight: torch.Size([200, 49000]), require_grad = True
[2025-05-15 15:17:03,664][root][INFO] - Training... total epoch: 800, step: 324000
[2025-05-15 15:18:35,660][root][INFO] - Epoch:   0 | Loss: 1.8927 | Val - MRR: 0.0009, MR: 18744.53, H@1: 0.000, H@3: 0.001, H@10: 0.002 | Test - MRR: 0.0008 | *
