[2025-05-14 20:45:11,684][root][INFO] - 
------Config------
 {'dataset': 'WN18RR', 'epoch': 800, 'batch_size': 256, 'learning_rate': 0.0015, 'h_dim': 200, 'pred_rel_w': True, 'label_smooth': 0.1, 'kg_layer': 1, 'rm_rate': 0.5, 'ent_drop': 0.2, 'rel_drop': 0, 'comp_op': 'mul', 'bn': True, 'k_h': 10, 'k_w': 20, 'ent_drop_pred': 0.3, 'conv_drop': 0.1, 'fc_drop': 0.4, 'ker_sz': 7, 'out_channel': 250, 'device': 0, 'max_no_improve': 50, 'cpu_worker_num': 10, 'warmup_epoch': 5}
[2025-05-14 20:45:11,685][root][INFO] - Code dir path: /home/evsjtu/wcf/SE-GNN-main/code
[2025-05-14 20:45:11,686][root][INFO] - Config dir path: /home/evsjtu/wcf/SE-GNN-main/config
[2025-05-14 20:45:11,686][root][INFO] - Model save path: /home/evsjtu/wcf/SE-GNN-main/data/output/WN18RR/2025-05-14/20-45-11
[2025-05-14 20:45:15,228][root][INFO] - kg # node: 40943
[2025-05-14 20:45:15,229][root][INFO] - kg # edge: 173670
[2025-05-14 20:45:15,229][root][INFO] - kg # zero deg node: 384
[2025-05-14 20:45:15,229][root][INFO] - ---Load Train Data---
[2025-05-14 20:45:17,147][root][INFO] - -----Model Parameter Configuration-----
[2025-05-14 20:45:17,148][root][INFO] - Parameter ent_emb: torch.Size([40943, 200]), require_grad = True
[2025-05-14 20:45:17,148][root][INFO] - Parameter rel_w: torch.Size([200, 200]), require_grad = True
[2025-05-14 20:45:17,148][root][INFO] - Parameter edge_layers.0.neigh_w: torch.Size([200, 200]), require_grad = True
[2025-05-14 20:45:17,148][root][INFO] - Parameter edge_layers.0.bn.weight: torch.Size([200]), require_grad = True
[2025-05-14 20:45:17,149][root][INFO] - Parameter edge_layers.0.bn.bias: torch.Size([200]), require_grad = True
[2025-05-14 20:45:17,149][root][INFO] - Parameter node_layers.0.neigh_w: torch.Size([200, 200]), require_grad = True
[2025-05-14 20:45:17,149][root][INFO] - Parameter node_layers.0.bn.weight: torch.Size([200]), require_grad = True
[2025-05-14 20:45:17,149][root][INFO] - Parameter node_layers.0.bn.bias: torch.Size([200]), require_grad = True
[2025-05-14 20:45:17,150][root][INFO] - Parameter comp_layers.0.neigh_w: torch.Size([200, 200]), require_grad = True
[2025-05-14 20:45:17,150][root][INFO] - Parameter comp_layers.0.bn.weight: torch.Size([200]), require_grad = True
[2025-05-14 20:45:17,150][root][INFO] - Parameter comp_layers.0.bn.bias: torch.Size([200]), require_grad = True
[2025-05-14 20:45:17,150][root][INFO] - Parameter rel_embs.0: torch.Size([22, 200]), require_grad = True
[2025-05-14 20:45:17,151][root][INFO] - Parameter predictor.bn0.weight: torch.Size([1]), require_grad = True
[2025-05-14 20:45:17,151][root][INFO] - Parameter predictor.bn0.bias: torch.Size([1]), require_grad = True
[2025-05-14 20:45:17,151][root][INFO] - Parameter predictor.bn1.weight: torch.Size([250]), require_grad = True
[2025-05-14 20:45:17,151][root][INFO] - Parameter predictor.bn1.bias: torch.Size([250]), require_grad = True
[2025-05-14 20:45:17,152][root][INFO] - Parameter predictor.bn2.weight: torch.Size([200]), require_grad = True
[2025-05-14 20:45:17,152][root][INFO] - Parameter predictor.bn2.bias: torch.Size([200]), require_grad = True
[2025-05-14 20:45:17,152][root][INFO] - Parameter predictor.conv.weight: torch.Size([250, 1, 7, 7]), require_grad = True
[2025-05-14 20:45:17,152][root][INFO] - Parameter predictor.fc.weight: torch.Size([200, 49000]), require_grad = True
[2025-05-14 20:45:18,170][root][INFO] - Training... total epoch: 800, step: 324000
[2025-05-14 20:46:52,062][root][INFO] - Epoch:   0 | Loss: 1.9996 | Val - MRR: 0.0003, MR: 18657.19, H@1: 0.000, H@3: 0.000, H@10: 0.000 | Test - MRR: 0.0005 | *
[2025-05-14 20:48:08,560][root][INFO] - Epoch:   1 | Loss: 0.0212 | Val - MRR: 0.0003, MR: 18155.48, H@1: 0.000, H@3: 0.000, H@10: 0.000 | 
[2025-05-14 20:49:43,898][root][INFO] - Epoch:   2 | Loss: 0.0042 | Val - MRR: 0.0012, MR: 16969.77, H@1: 0.001, H@3: 0.001, H@10: 0.001 | Test - MRR: 0.0014 | *
[2025-05-14 20:51:19,168][root][INFO] - Epoch:   3 | Loss: 0.0022 | Val - MRR: 0.0023, MR: 15784.78, H@1: 0.001, H@3: 0.001, H@10: 0.004 | Test - MRR: 0.0028 | *
[2025-05-14 20:52:50,089][root][INFO] - Epoch:   4 | Loss: 0.0017 | Val - MRR: 0.0057, MR: 14640.06, H@1: 0.003, H@3: 0.005, H@10: 0.010 | Test - MRR: 0.0062 | *
[2025-05-14 20:54:21,083][root][INFO] - Epoch:   5 | Loss: 0.0014 | Val - MRR: 0.0142, MR: 13642.02, H@1: 0.009, H@3: 0.014, H@10: 0.023 | Test - MRR: 0.0155 | *
[2025-05-14 20:55:53,312][root][INFO] - Epoch:   6 | Loss: 0.0013 | Val - MRR: 0.0179, MR: 12764.25, H@1: 0.010, H@3: 0.018, H@10: 0.032 | Test - MRR: 0.0183 | *
[2025-05-14 20:57:27,385][root][INFO] - Epoch:   7 | Loss: 0.0012 | Val - MRR: 0.0188, MR: 12467.36, H@1: 0.010, H@3: 0.020, H@10: 0.035 | Test - MRR: 0.0197 | *
[2025-05-14 20:58:52,380][root][INFO] - Epoch:   8 | Loss: 0.0011 | Val - MRR: 0.0227, MR: 11822.40, H@1: 0.013, H@3: 0.022, H@10: 0.040 | Test - MRR: 0.0235 | *
[2025-05-14 21:00:17,550][root][INFO] - Epoch:   9 | Loss: 0.0010 | Val - MRR: 0.0244, MR: 11703.43, H@1: 0.014, H@3: 0.023, H@10: 0.044 | Test - MRR: 0.0276 | *
[2025-05-14 21:01:46,622][root][INFO] - Epoch:  10 | Loss: 0.0010 | Val - MRR: 0.0261, MR: 11369.87, H@1: 0.015, H@3: 0.026, H@10: 0.049 | Test - MRR: 0.0288 | *
[2025-05-14 21:03:03,090][root][INFO] - Epoch:  11 | Loss: 0.0009 | Val - MRR: 0.0244, MR: 11043.74, H@1: 0.014, H@3: 0.024, H@10: 0.042 | 
[2025-05-14 21:04:19,221][root][INFO] - Epoch:  12 | Loss: 0.0009 | Val - MRR: 0.0252, MR: 11099.92, H@1: 0.015, H@3: 0.025, H@10: 0.043 | 
[2025-05-14 21:05:47,651][root][INFO] - Epoch:  13 | Loss: 0.0009 | Val - MRR: 0.0278, MR: 10213.79, H@1: 0.017, H@3: 0.026, H@10: 0.050 | Test - MRR: 0.0306 | *
[2025-05-14 21:07:17,506][root][INFO] - Epoch:  14 | Loss: 0.0008 | Val - MRR: 0.0308, MR: 9602.15, H@1: 0.017, H@3: 0.030, H@10: 0.059 | Test - MRR: 0.0348 | *
[2025-05-14 21:08:48,107][root][INFO] - Epoch:  15 | Loss: 0.0008 | Val - MRR: 0.0318, MR: 8944.93, H@1: 0.018, H@3: 0.033, H@10: 0.057 | Test - MRR: 0.0350 | *
[2025-05-14 21:10:17,894][root][INFO] - Epoch:  16 | Loss: 0.0008 | Val - MRR: 0.0398, MR: 8274.42, H@1: 0.025, H@3: 0.039, H@10: 0.066 | Test - MRR: 0.0421 | *
[2025-05-14 21:11:46,096][root][INFO] - Epoch:  17 | Loss: 0.0008 | Val - MRR: 0.0407, MR: 7557.39, H@1: 0.023, H@3: 0.039, H@10: 0.074 | Test - MRR: 0.0441 | *
[2025-05-14 21:13:15,440][root][INFO] - Epoch:  18 | Loss: 0.0008 | Val - MRR: 0.0567, MR: 7128.60, H@1: 0.032, H@3: 0.056, H@10: 0.105 | Test - MRR: 0.0584 | *
[2025-05-14 21:14:44,386][root][INFO] - Epoch:  19 | Loss: 0.0007 | Val - MRR: 0.0687, MR: 6416.60, H@1: 0.040, H@3: 0.069, H@10: 0.128 | Test - MRR: 0.0693 | *
[2025-05-14 21:16:01,485][root][INFO] - Epoch:  20 | Loss: 0.0007 | Val - MRR: 0.0309, MR: 10756.23, H@1: 0.016, H@3: 0.033, H@10: 0.059 | 
[2025-05-14 21:17:19,983][root][INFO] - Epoch:  21 | Loss: 0.0088 | Val - MRR: 0.0009, MR: 16308.63, H@1: 0.000, H@3: 0.001, H@10: 0.002 | 
[2025-05-14 21:18:36,211][root][INFO] - Epoch:  22 | Loss: 0.0017 | Val - MRR: 0.0057, MR: 14345.48, H@1: 0.003, H@3: 0.005, H@10: 0.010 | 
[2025-05-14 21:19:50,525][root][INFO] - Epoch:  23 | Loss: 0.0014 | Val - MRR: 0.0093, MR: 13379.68, H@1: 0.003, H@3: 0.010, H@10: 0.023 | 
[2025-05-14 21:21:06,005][root][INFO] - Epoch:  24 | Loss: 0.0012 | Val - MRR: 0.0137, MR: 12783.14, H@1: 0.007, H@3: 0.012, H@10: 0.028 | 
[2025-05-14 21:22:21,242][root][INFO] - Epoch:  25 | Loss: 0.0011 | Val - MRR: 0.0142, MR: 12167.36, H@1: 0.007, H@3: 0.012, H@10: 0.030 | 
[2025-05-14 21:23:36,297][root][INFO] - Epoch:  26 | Loss: 0.0011 | Val - MRR: 0.0170, MR: 11467.78, H@1: 0.008, H@3: 0.017, H@10: 0.033 | 
[2025-05-14 21:24:51,538][root][INFO] - Epoch:  27 | Loss: 0.0010 | Val - MRR: 0.0183, MR: 11064.70, H@1: 0.010, H@3: 0.019, H@10: 0.033 | 
[2025-05-14 21:26:08,358][root][INFO] - Epoch:  28 | Loss: 0.0010 | Val - MRR: 0.0178, MR: 10725.85, H@1: 0.010, H@3: 0.018, H@10: 0.033 | 
[2025-05-14 21:27:24,086][root][INFO] - Epoch:  29 | Loss: 0.0010 | Val - MRR: 0.0182, MR: 9995.14, H@1: 0.010, H@3: 0.017, H@10: 0.033 | 
[2025-05-14 21:28:40,869][root][INFO] - Epoch:  30 | Loss: 0.0010 | Val - MRR: 0.0195, MR: 9538.90, H@1: 0.011, H@3: 0.019, H@10: 0.033 | 
[2025-05-14 21:29:58,607][root][INFO] - Epoch:  31 | Loss: 0.0010 | Val - MRR: 0.0192, MR: 9184.75, H@1: 0.010, H@3: 0.020, H@10: 0.034 | 
[2025-05-14 21:31:14,449][root][INFO] - Epoch:  32 | Loss: 0.0010 | Val - MRR: 0.0198, MR: 8673.46, H@1: 0.010, H@3: 0.020, H@10: 0.038 | 
[2025-05-14 21:32:28,959][root][INFO] - Epoch:  33 | Loss: 0.0010 | Val - MRR: 0.0209, MR: 8156.36, H@1: 0.011, H@3: 0.020, H@10: 0.040 | 
[2025-05-14 21:33:41,311][root][INFO] - Epoch:  34 | Loss: 0.0010 | Val - MRR: 0.0226, MR: 7693.42, H@1: 0.012, H@3: 0.023, H@10: 0.042 | 
[2025-05-14 21:34:54,157][root][INFO] - Epoch:  35 | Loss: 0.0010 | Val - MRR: 0.0257, MR: 7230.37, H@1: 0.015, H@3: 0.024, H@10: 0.045 | 
[2025-05-14 21:36:06,495][root][INFO] - Epoch:  36 | Loss: 0.0009 | Val - MRR: 0.0269, MR: 6749.31, H@1: 0.016, H@3: 0.026, H@10: 0.046 | 
[2025-05-14 21:37:22,325][root][INFO] - Epoch:  37 | Loss: 0.0009 | Val - MRR: 0.0285, MR: 6177.73, H@1: 0.016, H@3: 0.028, H@10: 0.048 | 
[2025-05-14 21:38:39,084][root][INFO] - Epoch:  38 | Loss: 0.0009 | Val - MRR: 0.0327, MR: 5589.09, H@1: 0.019, H@3: 0.031, H@10: 0.059 | 
[2025-05-14 21:39:54,431][root][INFO] - Epoch:  39 | Loss: 0.0009 | Val - MRR: 0.0295, MR: 5286.44, H@1: 0.011, H@3: 0.030, H@10: 0.064 | 
[2025-05-14 21:41:12,180][root][INFO] - Epoch:  40 | Loss: 0.0009 | Val - MRR: 0.0404, MR: 4939.30, H@1: 0.020, H@3: 0.040, H@10: 0.076 | 
[2025-05-14 21:42:34,129][root][INFO] - Epoch:  41 | Loss: 0.0009 | Val - MRR: 0.0461, MR: 4672.35, H@1: 0.022, H@3: 0.045, H@10: 0.092 | 
[2025-05-14 21:43:53,710][root][INFO] - Epoch:  42 | Loss: 0.0009 | Val - MRR: 0.0573, MR: 4395.18, H@1: 0.028, H@3: 0.061, H@10: 0.110 | 
[2025-05-14 21:45:14,067][root][INFO] - Epoch:  43 | Loss: 0.0009 | Val - MRR: 0.0622, MR: 4301.76, H@1: 0.032, H@3: 0.065, H@10: 0.118 | 
[2025-05-14 21:46:32,769][root][INFO] - Epoch:  44 | Loss: 0.0009 | Val - MRR: 0.0672, MR: 4051.18, H@1: 0.036, H@3: 0.068, H@10: 0.127 | 
[2025-05-14 21:48:06,813][root][INFO] - Epoch:  45 | Loss: 0.0009 | Val - MRR: 0.0834, MR: 3919.45, H@1: 0.047, H@3: 0.087, H@10: 0.154 | Test - MRR: 0.0823 | *
[2025-05-14 21:49:39,304][root][INFO] - Epoch:  46 | Loss: 0.0009 | Val - MRR: 0.0998, MR: 3752.25, H@1: 0.055, H@3: 0.106, H@10: 0.188 | Test - MRR: 0.0947 | *
[2025-05-14 21:51:09,576][root][INFO] - Epoch:  47 | Loss: 0.0009 | Val - MRR: 0.1198, MR: 3606.83, H@1: 0.071, H@3: 0.130, H@10: 0.216 | Test - MRR: 0.1128 | *
[2025-05-14 21:52:40,058][root][INFO] - Epoch:  48 | Loss: 0.0009 | Val - MRR: 0.1350, MR: 3443.17, H@1: 0.077, H@3: 0.150, H@10: 0.246 | Test - MRR: 0.1282 | *
[2025-05-14 21:54:15,087][root][INFO] - Epoch:  49 | Loss: 0.0009 | Val - MRR: 0.1569, MR: 3276.93, H@1: 0.097, H@3: 0.174, H@10: 0.276 | Test - MRR: 0.1504 | *
[2025-05-14 21:55:47,217][root][INFO] - Epoch:  50 | Loss: 0.0009 | Val - MRR: 0.1780, MR: 3255.18, H@1: 0.113, H@3: 0.200, H@10: 0.309 | Test - MRR: 0.1746 | *
[2025-05-14 21:57:18,920][root][INFO] - Epoch:  51 | Loss: 0.0008 | Val - MRR: 0.1939, MR: 3197.76, H@1: 0.128, H@3: 0.215, H@10: 0.327 | Test - MRR: 0.1844 | *
[2025-05-14 21:58:51,250][root][INFO] - Epoch:  52 | Loss: 0.0008 | Val - MRR: 0.2087, MR: 3092.93, H@1: 0.138, H@3: 0.232, H@10: 0.352 | Test - MRR: 0.2019 | *
[2025-05-14 22:00:24,583][root][INFO] - Epoch:  53 | Loss: 0.0008 | Val - MRR: 0.2240, MR: 3041.62, H@1: 0.154, H@3: 0.252, H@10: 0.362 | Test - MRR: 0.2160 | *
[2025-05-14 22:01:57,039][root][INFO] - Epoch:  54 | Loss: 0.0008 | Val - MRR: 0.2326, MR: 3095.30, H@1: 0.159, H@3: 0.260, H@10: 0.388 | Test - MRR: 0.2337 | *
[2025-05-14 22:03:29,773][root][INFO] - Epoch:  55 | Loss: 0.0008 | Val - MRR: 0.2401, MR: 3006.71, H@1: 0.166, H@3: 0.268, H@10: 0.389 | Test - MRR: 0.2394 | *
[2025-05-14 22:05:02,375][root][INFO] - Epoch:  56 | Loss: 0.0008 | Val - MRR: 0.2507, MR: 3021.31, H@1: 0.175, H@3: 0.285, H@10: 0.404 | Test - MRR: 0.2481 | *
[2025-05-14 22:06:30,029][root][INFO] - Epoch:  57 | Loss: 0.0008 | Val - MRR: 0.2526, MR: 3059.08, H@1: 0.177, H@3: 0.282, H@10: 0.405 | Test - MRR: 0.2530 | *
[2025-05-14 22:08:02,412][root][INFO] - Epoch:  58 | Loss: 0.0008 | Val - MRR: 0.2724, MR: 3088.02, H@1: 0.193, H@3: 0.309, H@10: 0.429 | Test - MRR: 0.2719 | *
[2025-05-14 22:09:23,898][root][INFO] - Epoch:  59 | Loss: 0.0008 | Val - MRR: 0.2691, MR: 3015.88, H@1: 0.190, H@3: 0.307, H@10: 0.430 | 
[2025-05-14 22:10:56,226][root][INFO] - Epoch:  60 | Loss: 0.0008 | Val - MRR: 0.2737, MR: 2965.99, H@1: 0.191, H@3: 0.313, H@10: 0.437 | Test - MRR: 0.2722 | *
[2025-05-14 22:12:27,749][root][INFO] - Epoch:  61 | Loss: 0.0008 | Val - MRR: 0.2802, MR: 2990.39, H@1: 0.198, H@3: 0.318, H@10: 0.443 | Test - MRR: 0.2794 | *
[2025-05-14 22:14:04,568][root][INFO] - Epoch:  62 | Loss: 0.0008 | Val - MRR: 0.2859, MR: 2991.05, H@1: 0.205, H@3: 0.326, H@10: 0.445 | Test - MRR: 0.2884 | *
[2025-05-14 22:15:36,539][root][INFO] - Epoch:  63 | Loss: 0.0008 | Val - MRR: 0.2866, MR: 2935.50, H@1: 0.204, H@3: 0.328, H@10: 0.447 | Test - MRR: 0.2845 | *
[2025-05-14 22:17:05,287][root][INFO] - Epoch:  64 | Loss: 0.0008 | Val - MRR: 0.2998, MR: 2957.93, H@1: 0.217, H@3: 0.345, H@10: 0.460 | Test - MRR: 0.2981 | *
[2025-05-14 22:18:20,302][root][INFO] - Epoch:  65 | Loss: 0.0008 | Val - MRR: 0.2985, MR: 2964.98, H@1: 0.214, H@3: 0.342, H@10: 0.459 | 
[2025-05-14 22:19:49,193][root][INFO] - Epoch:  66 | Loss: 0.0008 | Val - MRR: 0.2999, MR: 2977.08, H@1: 0.216, H@3: 0.345, H@10: 0.464 | Test - MRR: 0.3003 | *
[2025-05-14 22:21:16,831][root][INFO] - Epoch:  67 | Loss: 0.0008 | Val - MRR: 0.3106, MR: 3067.40, H@1: 0.229, H@3: 0.352, H@10: 0.469 | Test - MRR: 0.3089 | *
[2025-05-14 22:22:36,310][root][INFO] - Epoch:  68 | Loss: 0.0008 | Val - MRR: 0.3030, MR: 3032.81, H@1: 0.220, H@3: 0.346, H@10: 0.464 | 
[2025-05-14 22:24:05,093][root][INFO] - Epoch:  69 | Loss: 0.0008 | Val - MRR: 0.3164, MR: 2977.27, H@1: 0.234, H@3: 0.361, H@10: 0.475 | Test - MRR: 0.3192 | *
[2025-05-14 22:25:21,651][root][INFO] - Epoch:  70 | Loss: 0.0008 | Val - MRR: 0.3135, MR: 2512.41, H@1: 0.228, H@3: 0.359, H@10: 0.470 | 
[2025-05-14 22:26:51,231][root][INFO] - Epoch:  71 | Loss: 0.0008 | Val - MRR: 0.3214, MR: 2653.47, H@1: 0.239, H@3: 0.364, H@10: 0.475 | Test - MRR: 0.3238 | *
[2025-05-14 22:28:20,674][root][INFO] - Epoch:  72 | Loss: 0.0007 | Val - MRR: 0.3283, MR: 2367.60, H@1: 0.246, H@3: 0.370, H@10: 0.485 | Test - MRR: 0.3298 | *
[2025-05-14 22:29:50,472][root][INFO] - Epoch:  73 | Loss: 0.0006 | Val - MRR: 0.3314, MR: 2296.93, H@1: 0.249, H@3: 0.374, H@10: 0.488 | Test - MRR: 0.3306 | *
[2025-05-14 22:31:20,769][root][INFO] - Epoch:  74 | Loss: 0.0005 | Val - MRR: 0.3328, MR: 2159.27, H@1: 0.248, H@3: 0.379, H@10: 0.489 | Test - MRR: 0.3371 | *
[2025-05-14 22:32:49,070][root][INFO] - Epoch:  75 | Loss: 0.0005 | Val - MRR: 0.3456, MR: 2154.92, H@1: 0.265, H@3: 0.390, H@10: 0.496 | Test - MRR: 0.3485 | *
[2025-05-14 22:34:17,906][root][INFO] - Epoch:  76 | Loss: 0.0005 | Val - MRR: 0.3504, MR: 2131.36, H@1: 0.268, H@3: 0.394, H@10: 0.502 | Test - MRR: 0.3507 | *
[2025-05-14 22:35:48,908][root][INFO] - Epoch:  77 | Loss: 0.0005 | Val - MRR: 0.3556, MR: 2206.22, H@1: 0.274, H@3: 0.400, H@10: 0.509 | Test - MRR: 0.3610 | *
[2025-05-14 22:37:20,648][root][INFO] - Epoch:  78 | Loss: 0.0005 | Val - MRR: 0.3570, MR: 2114.23, H@1: 0.276, H@3: 0.399, H@10: 0.510 | Test - MRR: 0.3581 | *
[2025-05-14 22:38:52,095][root][INFO] - Epoch:  79 | Loss: 0.0005 | Val - MRR: 0.3709, MR: 2137.40, H@1: 0.293, H@3: 0.416, H@10: 0.515 | Test - MRR: 0.3735 | *
[2025-05-14 22:40:09,739][root][INFO] - Epoch:  80 | Loss: 0.0005 | Val - MRR: 0.3692, MR: 2058.17, H@1: 0.289, H@3: 0.414, H@10: 0.513 | 
[2025-05-14 22:41:41,337][root][INFO] - Epoch:  81 | Loss: 0.0005 | Val - MRR: 0.3772, MR: 2130.63, H@1: 0.300, H@3: 0.424, H@10: 0.519 | Test - MRR: 0.3819 | *
[2025-05-14 22:43:12,609][root][INFO] - Epoch:  82 | Loss: 0.0005 | Val - MRR: 0.3802, MR: 2138.33, H@1: 0.301, H@3: 0.427, H@10: 0.523 | Test - MRR: 0.3845 | *
[2025-05-14 22:44:44,508][root][INFO] - Epoch:  83 | Loss: 0.0005 | Val - MRR: 0.3892, MR: 2253.75, H@1: 0.314, H@3: 0.433, H@10: 0.522 | Test - MRR: 0.3901 | *
[2025-05-14 22:46:02,391][root][INFO] - Epoch:  84 | Loss: 0.0005 | Val - MRR: 0.3856, MR: 2200.59, H@1: 0.310, H@3: 0.426, H@10: 0.518 | 
[2025-05-14 22:47:34,004][root][INFO] - Epoch:  85 | Loss: 0.0005 | Val - MRR: 0.3896, MR: 2292.28, H@1: 0.314, H@3: 0.434, H@10: 0.526 | Test - MRR: 0.3923 | *
[2025-05-14 22:48:49,989][root][INFO] - Epoch:  86 | Loss: 0.0005 | Val - MRR: 0.3873, MR: 2186.54, H@1: 0.310, H@3: 0.432, H@10: 0.528 | 
[2025-05-14 22:50:20,282][root][INFO] - Epoch:  87 | Loss: 0.0005 | Val - MRR: 0.3907, MR: 2202.91, H@1: 0.317, H@3: 0.433, H@10: 0.523 | Test - MRR: 0.3953 | *
[2025-05-14 22:51:53,851][root][INFO] - Epoch:  88 | Loss: 0.0005 | Val - MRR: 0.3916, MR: 2115.09, H@1: 0.318, H@3: 0.433, H@10: 0.527 | Test - MRR: 0.3972 | *
[2025-05-14 22:53:25,587][root][INFO] - Epoch:  89 | Loss: 0.0005 | Val - MRR: 0.3935, MR: 2227.17, H@1: 0.321, H@3: 0.431, H@10: 0.528 | Test - MRR: 0.3959 | *
[2025-05-14 22:55:01,783][root][INFO] - Epoch:  90 | Loss: 0.0005 | Val - MRR: 0.3975, MR: 2149.93, H@1: 0.324, H@3: 0.438, H@10: 0.529 | Test - MRR: 0.4011 | *
[2025-05-14 22:56:20,385][root][INFO] - Epoch:  91 | Loss: 0.0005 | Val - MRR: 0.3975, MR: 2208.78, H@1: 0.325, H@3: 0.440, H@10: 0.529 | 
[2025-05-14 22:57:53,510][root][INFO] - Epoch:  92 | Loss: 0.0005 | Val - MRR: 0.3989, MR: 2142.65, H@1: 0.326, H@3: 0.441, H@10: 0.529 | Test - MRR: 0.4034 | *
[2025-05-14 22:59:23,319][root][INFO] - Epoch:  93 | Loss: 0.0005 | Val - MRR: 0.4035, MR: 2230.49, H@1: 0.333, H@3: 0.441, H@10: 0.530 | Test - MRR: 0.4059 | *
[2025-05-14 23:00:39,530][root][INFO] - Epoch:  94 | Loss: 0.0005 | Val - MRR: 0.4031, MR: 2243.12, H@1: 0.332, H@3: 0.441, H@10: 0.529 | 
[2025-05-14 23:02:11,398][root][INFO] - Epoch:  95 | Loss: 0.0005 | Val - MRR: 0.4037, MR: 2263.04, H@1: 0.332, H@3: 0.443, H@10: 0.531 | Test - MRR: 0.4077 | *
[2025-05-14 23:03:44,636][root][INFO] - Epoch:  96 | Loss: 0.0005 | Val - MRR: 0.4070, MR: 2246.33, H@1: 0.336, H@3: 0.446, H@10: 0.532 | Test - MRR: 0.4106 | *
[2025-05-14 23:05:02,523][root][INFO] - Epoch:  97 | Loss: 0.0005 | Val - MRR: 0.4058, MR: 2267.26, H@1: 0.331, H@3: 0.450, H@10: 0.535 | 
[2025-05-14 23:06:36,305][root][INFO] - Epoch:  98 | Loss: 0.0005 | Val - MRR: 0.4119, MR: 2291.96, H@1: 0.342, H@3: 0.451, H@10: 0.534 | Test - MRR: 0.4156 | *
[2025-05-14 23:08:06,956][root][INFO] - Epoch:  99 | Loss: 0.0005 | Val - MRR: 0.4128, MR: 2347.60, H@1: 0.342, H@3: 0.454, H@10: 0.537 | Test - MRR: 0.4156 | *
[2025-05-14 23:09:38,670][root][INFO] - Epoch: 100 | Loss: 0.0005 | Val - MRR: 0.4154, MR: 2336.06, H@1: 0.347, H@3: 0.454, H@10: 0.536 | Test - MRR: 0.4202 | *
[2025-05-14 23:10:57,319][root][INFO] - Epoch: 101 | Loss: 0.0005 | Val - MRR: 0.4117, MR: 2328.77, H@1: 0.339, H@3: 0.456, H@10: 0.537 | 
[2025-05-14 23:12:12,826][root][INFO] - Epoch: 102 | Loss: 0.0005 | Val - MRR: 0.4125, MR: 2384.44, H@1: 0.341, H@3: 0.453, H@10: 0.538 | 
[2025-05-14 23:13:43,522][root][INFO] - Epoch: 103 | Loss: 0.0005 | Val - MRR: 0.4179, MR: 2347.32, H@1: 0.348, H@3: 0.459, H@10: 0.540 | Test - MRR: 0.4215 | *
[2025-05-14 23:15:02,408][root][INFO] - Epoch: 104 | Loss: 0.0005 | Val - MRR: 0.4153, MR: 2404.35, H@1: 0.348, H@3: 0.453, H@10: 0.534 | 
[2025-05-14 23:16:36,072][root][INFO] - Epoch: 105 | Loss: 0.0005 | Val - MRR: 0.4179, MR: 2459.88, H@1: 0.351, H@3: 0.457, H@10: 0.535 | Test - MRR: 0.4219 | *
[2025-05-14 23:18:07,167][root][INFO] - Epoch: 106 | Loss: 0.0005 | Val - MRR: 0.4192, MR: 2473.61, H@1: 0.352, H@3: 0.457, H@10: 0.535 | Test - MRR: 0.4213 | *
[2025-05-14 23:19:25,722][root][INFO] - Epoch: 107 | Loss: 0.0005 | Val - MRR: 0.4187, MR: 2482.14, H@1: 0.351, H@3: 0.456, H@10: 0.533 | 
[2025-05-14 23:20:57,112][root][INFO] - Epoch: 108 | Loss: 0.0005 | Val - MRR: 0.4205, MR: 2287.87, H@1: 0.352, H@3: 0.459, H@10: 0.539 | Test - MRR: 0.4240 | *
[2025-05-14 23:22:30,956][root][INFO] - Epoch: 109 | Loss: 0.0004 | Val - MRR: 0.4242, MR: 2460.58, H@1: 0.356, H@3: 0.465, H@10: 0.539 | Test - MRR: 0.4275 | *
[2025-05-14 23:24:04,242][root][INFO] - Epoch: 110 | Loss: 0.0004 | Val - MRR: 0.4265, MR: 2509.48, H@1: 0.361, H@3: 0.465, H@10: 0.541 | Test - MRR: 0.4325 | *
[2025-05-14 23:25:22,726][root][INFO] - Epoch: 111 | Loss: 0.0004 | Val - MRR: 0.4202, MR: 2408.57, H@1: 0.352, H@3: 0.460, H@10: 0.537 | 
[2025-05-14 23:26:43,332][root][INFO] - Epoch: 112 | Loss: 0.0004 | Val - MRR: 0.4250, MR: 2452.58, H@1: 0.358, H@3: 0.466, H@10: 0.540 | 
[2025-05-14 23:28:02,104][root][INFO] - Epoch: 113 | Loss: 0.0004 | Val - MRR: 0.4233, MR: 2478.19, H@1: 0.358, H@3: 0.462, H@10: 0.538 | 
[2025-05-14 23:29:31,581][root][INFO] - Epoch: 114 | Loss: 0.0004 | Val - MRR: 0.4282, MR: 2541.76, H@1: 0.364, H@3: 0.464, H@10: 0.540 | Test - MRR: 0.4320 | *
[2025-05-14 23:30:48,086][root][INFO] - Epoch: 115 | Loss: 0.0004 | Val - MRR: 0.4279, MR: 2550.64, H@1: 0.362, H@3: 0.465, H@10: 0.544 | 
[2025-05-14 23:32:05,329][root][INFO] - Epoch: 116 | Loss: 0.0004 | Val - MRR: 0.4275, MR: 2403.32, H@1: 0.363, H@3: 0.461, H@10: 0.543 | 
[2025-05-14 23:33:24,430][root][INFO] - Epoch: 117 | Loss: 0.0004 | Val - MRR: 0.4272, MR: 2479.05, H@1: 0.361, H@3: 0.466, H@10: 0.538 | 
[2025-05-14 23:34:42,316][root][INFO] - Epoch: 118 | Loss: 0.0004 | Val - MRR: 0.4268, MR: 2288.41, H@1: 0.362, H@3: 0.462, H@10: 0.542 | 
[2025-05-14 23:36:12,356][root][INFO] - Epoch: 119 | Loss: 0.0004 | Val - MRR: 0.4304, MR: 2556.02, H@1: 0.367, H@3: 0.463, H@10: 0.542 | Test - MRR: 0.4328 | *
[2025-05-14 23:37:42,728][root][INFO] - Epoch: 120 | Loss: 0.0004 | Val - MRR: 0.4343, MR: 2634.90, H@1: 0.371, H@3: 0.469, H@10: 0.547 | Test - MRR: 0.4359 | *
[2025-05-14 23:38:59,054][root][INFO] - Epoch: 121 | Loss: 0.0004 | Val - MRR: 0.4330, MR: 2587.51, H@1: 0.370, H@3: 0.466, H@10: 0.544 | 
[2025-05-14 23:40:15,138][root][INFO] - Epoch: 122 | Loss: 0.0004 | Val - MRR: 0.4264, MR: 2332.85, H@1: 0.360, H@3: 0.463, H@10: 0.543 | 
[2025-05-14 23:41:31,589][root][INFO] - Epoch: 123 | Loss: 0.0004 | Val - MRR: 0.4338, MR: 2576.75, H@1: 0.371, H@3: 0.469, H@10: 0.544 | 
[2025-05-14 23:42:46,715][root][INFO] - Epoch: 124 | Loss: 0.0004 | Val - MRR: 0.4337, MR: 2507.97, H@1: 0.370, H@3: 0.470, H@10: 0.544 | 
[2025-05-14 23:44:13,503][root][INFO] - Epoch: 125 | Loss: 0.0004 | Val - MRR: 0.4360, MR: 2599.28, H@1: 0.375, H@3: 0.469, H@10: 0.545 | Test - MRR: 0.4397 | *
[2025-05-14 23:45:28,002][root][INFO] - Epoch: 126 | Loss: 0.0004 | Val - MRR: 0.4345, MR: 2514.28, H@1: 0.372, H@3: 0.468, H@10: 0.543 | 
[2025-05-14 23:46:43,546][root][INFO] - Epoch: 127 | Loss: 0.0004 | Val - MRR: 0.4347, MR: 2505.84, H@1: 0.371, H@3: 0.472, H@10: 0.542 | 
[2025-05-14 23:48:12,420][root][INFO] - Epoch: 128 | Loss: 0.0004 | Val - MRR: 0.4382, MR: 2640.36, H@1: 0.377, H@3: 0.471, H@10: 0.546 | Test - MRR: 0.4410 | *
[2025-05-14 23:49:27,623][root][INFO] - Epoch: 129 | Loss: 0.0004 | Val - MRR: 0.4370, MR: 2550.50, H@1: 0.377, H@3: 0.467, H@10: 0.543 | 
[2025-05-14 23:50:54,471][root][INFO] - Epoch: 130 | Loss: 0.0004 | Val - MRR: 0.4390, MR: 2530.28, H@1: 0.377, H@3: 0.475, H@10: 0.542 | Test - MRR: 0.4409 | *
[2025-05-14 23:52:24,155][root][INFO] - Epoch: 131 | Loss: 0.0004 | Val - MRR: 0.4399, MR: 2646.09, H@1: 0.380, H@3: 0.472, H@10: 0.543 | Test - MRR: 0.4415 | *
[2025-05-14 23:53:56,384][root][INFO] - Epoch: 132 | Loss: 0.0004 | Val - MRR: 0.4419, MR: 2722.53, H@1: 0.382, H@3: 0.475, H@10: 0.545 | Test - MRR: 0.4430 | *
[2025-05-14 23:55:12,389][root][INFO] - Epoch: 133 | Loss: 0.0004 | Val - MRR: 0.4384, MR: 2707.36, H@1: 0.377, H@3: 0.473, H@10: 0.545 | 
[2025-05-14 23:56:43,398][root][INFO] - Epoch: 134 | Loss: 0.0004 | Val - MRR: 0.4435, MR: 2767.91, H@1: 0.383, H@3: 0.479, H@10: 0.548 | Test - MRR: 0.4456 | *
[2025-05-14 23:57:59,063][root][INFO] - Epoch: 135 | Loss: 0.0004 | Val - MRR: 0.4411, MR: 2660.39, H@1: 0.380, H@3: 0.476, H@10: 0.541 | 
[2025-05-14 23:59:15,682][root][INFO] - Epoch: 136 | Loss: 0.0004 | Val - MRR: 0.4409, MR: 2694.39, H@1: 0.380, H@3: 0.476, H@10: 0.546 | 
[2025-05-15 00:00:32,427][root][INFO] - Epoch: 137 | Loss: 0.0004 | Val - MRR: 0.4430, MR: 2595.56, H@1: 0.381, H@3: 0.478, H@10: 0.548 | 
[2025-05-15 00:02:04,193][root][INFO] - Epoch: 138 | Loss: 0.0004 | Val - MRR: 0.4457, MR: 2664.07, H@1: 0.386, H@3: 0.477, H@10: 0.551 | Test - MRR: 0.4482 | *
[2025-05-15 00:03:36,621][root][INFO] - Epoch: 139 | Loss: 0.0004 | Val - MRR: 0.4466, MR: 2621.67, H@1: 0.388, H@3: 0.479, H@10: 0.544 | Test - MRR: 0.4504 | *
[2025-05-15 00:04:51,237][root][INFO] - Epoch: 140 | Loss: 0.0004 | Val - MRR: 0.4454, MR: 2743.30, H@1: 0.387, H@3: 0.477, H@10: 0.545 | 
[2025-05-15 00:06:06,609][root][INFO] - Epoch: 141 | Loss: 0.0004 | Val - MRR: 0.4444, MR: 2723.28, H@1: 0.388, H@3: 0.474, H@10: 0.542 | 
[2025-05-15 00:07:23,229][root][INFO] - Epoch: 142 | Loss: 0.0004 | Val - MRR: 0.4452, MR: 2691.51, H@1: 0.386, H@3: 0.478, H@10: 0.544 | 
[2025-05-15 00:08:55,142][root][INFO] - Epoch: 143 | Loss: 0.0004 | Val - MRR: 0.4490, MR: 2724.79, H@1: 0.392, H@3: 0.478, H@10: 0.549 | Test - MRR: 0.4493 | *
[2025-05-15 00:10:12,168][root][INFO] - Epoch: 144 | Loss: 0.0004 | Val - MRR: 0.4458, MR: 2723.94, H@1: 0.387, H@3: 0.476, H@10: 0.547 | 
[2025-05-15 00:11:29,163][root][INFO] - Epoch: 145 | Loss: 0.0004 | Val - MRR: 0.4490, MR: 2660.40, H@1: 0.392, H@3: 0.480, H@10: 0.548 | 
[2025-05-15 00:12:45,798][root][INFO] - Epoch: 146 | Loss: 0.0004 | Val - MRR: 0.4477, MR: 2744.91, H@1: 0.390, H@3: 0.479, H@10: 0.548 | 
[2025-05-15 00:14:17,298][root][INFO] - Epoch: 147 | Loss: 0.0004 | Val - MRR: 0.4508, MR: 2762.01, H@1: 0.396, H@3: 0.481, H@10: 0.547 | Test - MRR: 0.4502 | *
[2025-05-15 00:15:35,003][root][INFO] - Epoch: 148 | Loss: 0.0004 | Val - MRR: 0.4493, MR: 2845.83, H@1: 0.392, H@3: 0.481, H@10: 0.550 | 
[2025-05-15 00:16:53,218][root][INFO] - Epoch: 149 | Loss: 0.0004 | Val - MRR: 0.4486, MR: 2809.45, H@1: 0.392, H@3: 0.480, H@10: 0.546 | 
[2025-05-15 00:18:11,404][root][INFO] - Epoch: 150 | Loss: 0.0004 | Val - MRR: 0.4487, MR: 2746.48, H@1: 0.392, H@3: 0.479, H@10: 0.548 | 
[2025-05-15 00:19:31,138][root][INFO] - Epoch: 151 | Loss: 0.0004 | Val - MRR: 0.4507, MR: 2697.84, H@1: 0.393, H@3: 0.481, H@10: 0.551 | 
[2025-05-15 00:20:47,192][root][INFO] - Epoch: 152 | Loss: 0.0004 | Val - MRR: 0.4477, MR: 2599.19, H@1: 0.389, H@3: 0.480, H@10: 0.552 | 
[2025-05-15 00:22:05,214][root][INFO] - Epoch: 153 | Loss: 0.0004 | Val - MRR: 0.4460, MR: 2704.56, H@1: 0.389, H@3: 0.475, H@10: 0.547 | 
[2025-05-15 00:23:21,582][root][INFO] - Epoch: 154 | Loss: 0.0004 | Val - MRR: 0.4499, MR: 2641.63, H@1: 0.394, H@3: 0.480, H@10: 0.550 | 
[2025-05-15 00:24:51,383][root][INFO] - Epoch: 155 | Loss: 0.0004 | Val - MRR: 0.4545, MR: 2815.93, H@1: 0.400, H@3: 0.483, H@10: 0.554 | Test - MRR: 0.4535 | *
[2025-05-15 00:26:09,957][root][INFO] - Epoch: 156 | Loss: 0.0004 | Val - MRR: 0.4529, MR: 2738.33, H@1: 0.397, H@3: 0.481, H@10: 0.553 | 
[2025-05-15 00:27:29,843][root][INFO] - Epoch: 157 | Loss: 0.0004 | Val - MRR: 0.4540, MR: 2899.81, H@1: 0.399, H@3: 0.483, H@10: 0.548 | 
[2025-05-15 00:28:45,815][root][INFO] - Epoch: 158 | Loss: 0.0004 | Val - MRR: 0.4479, MR: 2755.43, H@1: 0.389, H@3: 0.479, H@10: 0.550 | 
[2025-05-15 00:30:04,069][root][INFO] - Epoch: 159 | Loss: 0.0004 | Val - MRR: 0.4534, MR: 2765.15, H@1: 0.396, H@3: 0.485, H@10: 0.553 | 
[2025-05-15 00:31:21,866][root][INFO] - Epoch: 160 | Loss: 0.0004 | Val - MRR: 0.4498, MR: 2761.45, H@1: 0.391, H@3: 0.480, H@10: 0.555 | 
[2025-05-15 00:32:39,966][root][INFO] - Epoch: 161 | Loss: 0.0004 | Val - MRR: 0.4535, MR: 2768.78, H@1: 0.399, H@3: 0.481, H@10: 0.552 | 
[2025-05-15 00:33:58,586][root][INFO] - Epoch: 162 | Loss: 0.0004 | Val - MRR: 0.4529, MR: 2694.49, H@1: 0.396, H@3: 0.482, H@10: 0.551 | 
[2025-05-15 00:35:30,055][root][INFO] - Epoch: 163 | Loss: 0.0004 | Val - MRR: 0.4560, MR: 2839.31, H@1: 0.402, H@3: 0.484, H@10: 0.551 | Test - MRR: 0.4544 | *
[2025-05-15 00:36:48,556][root][INFO] - Epoch: 164 | Loss: 0.0004 | Val - MRR: 0.4560, MR: 2804.07, H@1: 0.401, H@3: 0.486, H@10: 0.553 | 
[2025-05-15 00:38:05,527][root][INFO] - Epoch: 165 | Loss: 0.0004 | Val - MRR: 0.4553, MR: 2788.47, H@1: 0.402, H@3: 0.481, H@10: 0.552 | 
[2025-05-15 00:39:22,028][root][INFO] - Epoch: 166 | Loss: 0.0004 | Val - MRR: 0.4539, MR: 2803.27, H@1: 0.397, H@3: 0.484, H@10: 0.551 | 
[2025-05-15 00:40:39,936][root][INFO] - Epoch: 167 | Loss: 0.0004 | Val - MRR: 0.4557, MR: 2749.86, H@1: 0.402, H@3: 0.483, H@10: 0.552 | 
[2025-05-15 00:41:54,789][root][INFO] - Epoch: 168 | Loss: 0.0004 | Val - MRR: 0.4556, MR: 2746.08, H@1: 0.401, H@3: 0.483, H@10: 0.551 | 
[2025-05-15 00:43:26,791][root][INFO] - Epoch: 169 | Loss: 0.0004 | Val - MRR: 0.4562, MR: 2853.05, H@1: 0.402, H@3: 0.486, H@10: 0.550 | Test - MRR: 0.4568 | *
[2025-05-15 00:44:56,680][root][INFO] - Epoch: 170 | Loss: 0.0004 | Val - MRR: 0.4566, MR: 2820.51, H@1: 0.402, H@3: 0.485, H@10: 0.553 | Test - MRR: 0.4562 | *
[2025-05-15 00:46:26,848][root][INFO] - Epoch: 171 | Loss: 0.0004 | Val - MRR: 0.4572, MR: 2755.41, H@1: 0.404, H@3: 0.485, H@10: 0.551 | Test - MRR: 0.4568 | *
[2025-05-15 00:47:55,676][root][INFO] - Epoch: 172 | Loss: 0.0004 | Val - MRR: 0.4599, MR: 2901.23, H@1: 0.408, H@3: 0.487, H@10: 0.554 | Test - MRR: 0.4589 | *
[2025-05-15 00:49:26,158][root][INFO] - Epoch: 173 | Loss: 0.0004 | Val - MRR: 0.4605, MR: 2827.70, H@1: 0.407, H@3: 0.488, H@10: 0.553 | Test - MRR: 0.4577 | *
[2025-05-15 00:50:42,501][root][INFO] - Epoch: 174 | Loss: 0.0004 | Val - MRR: 0.4590, MR: 2962.45, H@1: 0.406, H@3: 0.487, H@10: 0.555 | 
[2025-05-15 00:51:57,322][root][INFO] - Epoch: 175 | Loss: 0.0004 | Val - MRR: 0.4592, MR: 2860.85, H@1: 0.405, H@3: 0.486, H@10: 0.556 | 
[2025-05-15 00:53:12,972][root][INFO] - Epoch: 176 | Loss: 0.0004 | Val - MRR: 0.4592, MR: 2816.18, H@1: 0.405, H@3: 0.487, H@10: 0.554 | 
[2025-05-15 00:54:30,093][root][INFO] - Epoch: 177 | Loss: 0.0004 | Val - MRR: 0.4572, MR: 2773.13, H@1: 0.402, H@3: 0.488, H@10: 0.554 | 
[2025-05-15 00:55:47,008][root][INFO] - Epoch: 178 | Loss: 0.0004 | Val - MRR: 0.4587, MR: 2916.23, H@1: 0.405, H@3: 0.487, H@10: 0.553 | 
[2025-05-15 00:57:17,531][root][INFO] - Epoch: 179 | Loss: 0.0004 | Val - MRR: 0.4611, MR: 2959.39, H@1: 0.408, H@3: 0.488, H@10: 0.553 | Test - MRR: 0.4601 | *
[2025-05-15 00:58:36,019][root][INFO] - Epoch: 180 | Loss: 0.0004 | Val - MRR: 0.4600, MR: 2879.75, H@1: 0.406, H@3: 0.489, H@10: 0.554 | 
[2025-05-15 00:59:54,597][root][INFO] - Epoch: 181 | Loss: 0.0004 | Val - MRR: 0.4584, MR: 2666.35, H@1: 0.404, H@3: 0.487, H@10: 0.555 | 
[2025-05-15 01:01:27,919][root][INFO] - Epoch: 182 | Loss: 0.0004 | Val - MRR: 0.4616, MR: 2930.55, H@1: 0.411, H@3: 0.488, H@10: 0.552 | Test - MRR: 0.4595 | *
[2025-05-15 01:02:46,643][root][INFO] - Epoch: 183 | Loss: 0.0004 | Val - MRR: 0.4598, MR: 2865.36, H@1: 0.406, H@3: 0.489, H@10: 0.552 | 
[2025-05-15 01:04:03,451][root][INFO] - Epoch: 184 | Loss: 0.0004 | Val - MRR: 0.4597, MR: 2947.96, H@1: 0.407, H@3: 0.489, H@10: 0.552 | 
[2025-05-15 01:05:20,885][root][INFO] - Epoch: 185 | Loss: 0.0004 | Val - MRR: 0.4601, MR: 2853.05, H@1: 0.406, H@3: 0.491, H@10: 0.552 | 
[2025-05-15 01:06:37,861][root][INFO] - Epoch: 186 | Loss: 0.0004 | Val - MRR: 0.4593, MR: 2703.28, H@1: 0.406, H@3: 0.486, H@10: 0.554 | 
[2025-05-15 01:07:54,218][root][INFO] - Epoch: 187 | Loss: 0.0004 | Val - MRR: 0.4597, MR: 2944.60, H@1: 0.406, H@3: 0.487, H@10: 0.554 | 
[2025-05-15 01:09:12,322][root][INFO] - Epoch: 188 | Loss: 0.0004 | Val - MRR: 0.4607, MR: 2725.89, H@1: 0.407, H@3: 0.488, H@10: 0.555 | 
[2025-05-15 01:10:32,778][root][INFO] - Epoch: 189 | Loss: 0.0004 | Val - MRR: 0.4611, MR: 2738.00, H@1: 0.407, H@3: 0.489, H@10: 0.555 | 
[2025-05-15 01:12:07,276][root][INFO] - Epoch: 190 | Loss: 0.0004 | Val - MRR: 0.4652, MR: 2773.82, H@1: 0.414, H@3: 0.494, H@10: 0.558 | Test - MRR: 0.4623 | *
[2025-05-15 01:13:25,725][root][INFO] - Epoch: 191 | Loss: 0.0004 | Val - MRR: 0.4635, MR: 2823.62, H@1: 0.411, H@3: 0.491, H@10: 0.557 | 
[2025-05-15 01:14:43,437][root][INFO] - Epoch: 192 | Loss: 0.0004 | Val - MRR: 0.4621, MR: 2896.54, H@1: 0.410, H@3: 0.488, H@10: 0.555 | 
[2025-05-15 01:15:59,855][root][INFO] - Epoch: 193 | Loss: 0.0004 | Val - MRR: 0.4632, MR: 2779.10, H@1: 0.410, H@3: 0.492, H@10: 0.558 | 
[2025-05-15 01:17:18,430][root][INFO] - Epoch: 194 | Loss: 0.0004 | Val - MRR: 0.4616, MR: 2897.06, H@1: 0.408, H@3: 0.488, H@10: 0.558 | 
[2025-05-15 01:18:34,762][root][INFO] - Epoch: 195 | Loss: 0.0004 | Val - MRR: 0.4597, MR: 2889.90, H@1: 0.406, H@3: 0.487, H@10: 0.552 | 
[2025-05-15 01:19:50,745][root][INFO] - Epoch: 196 | Loss: 0.0004 | Val - MRR: 0.4645, MR: 2912.80, H@1: 0.414, H@3: 0.488, H@10: 0.554 | 
[2025-05-15 01:21:07,008][root][INFO] - Epoch: 197 | Loss: 0.0004 | Val - MRR: 0.4623, MR: 2919.85, H@1: 0.410, H@3: 0.488, H@10: 0.555 | 
[2025-05-15 01:22:21,943][root][INFO] - Epoch: 198 | Loss: 0.0004 | Val - MRR: 0.4615, MR: 2879.19, H@1: 0.409, H@3: 0.490, H@10: 0.555 | 
[2025-05-15 01:23:39,913][root][INFO] - Epoch: 199 | Loss: 0.0004 | Val - MRR: 0.4612, MR: 2779.57, H@1: 0.406, H@3: 0.489, H@10: 0.558 | 
[2025-05-15 01:24:55,768][root][INFO] - Epoch: 200 | Loss: 0.0004 | Val - MRR: 0.4637, MR: 2794.62, H@1: 0.410, H@3: 0.491, H@10: 0.557 | 
[2025-05-15 01:26:14,891][root][INFO] - Epoch: 201 | Loss: 0.0004 | Val - MRR: 0.4631, MR: 2995.42, H@1: 0.410, H@3: 0.489, H@10: 0.554 | 
[2025-05-15 01:27:33,355][root][INFO] - Epoch: 202 | Loss: 0.0004 | Val - MRR: 0.4630, MR: 2959.62, H@1: 0.410, H@3: 0.489, H@10: 0.554 | 
[2025-05-15 01:28:50,209][root][INFO] - Epoch: 203 | Loss: 0.0004 | Val - MRR: 0.4634, MR: 2883.28, H@1: 0.411, H@3: 0.490, H@10: 0.555 | 
[2025-05-15 01:30:10,427][root][INFO] - Epoch: 204 | Loss: 0.0004 | Val - MRR: 0.4627, MR: 2882.78, H@1: 0.410, H@3: 0.490, H@10: 0.554 | 
[2025-05-15 01:31:40,327][root][INFO] - Epoch: 205 | Loss: 0.0004 | Val - MRR: 0.4655, MR: 2906.90, H@1: 0.414, H@3: 0.491, H@10: 0.556 | Test - MRR: 0.4637 | *
[2025-05-15 01:32:55,871][root][INFO] - Epoch: 206 | Loss: 0.0004 | Val - MRR: 0.4636, MR: 2870.74, H@1: 0.411, H@3: 0.491, H@10: 0.553 | 
[2025-05-15 01:34:11,620][root][INFO] - Epoch: 207 | Loss: 0.0004 | Val - MRR: 0.4630, MR: 2868.34, H@1: 0.410, H@3: 0.491, H@10: 0.555 | 
[2025-05-15 01:35:29,241][root][INFO] - Epoch: 208 | Loss: 0.0004 | Val - MRR: 0.4625, MR: 2751.75, H@1: 0.410, H@3: 0.488, H@10: 0.557 | 
[2025-05-15 01:36:46,027][root][INFO] - Epoch: 209 | Loss: 0.0004 | Val - MRR: 0.4632, MR: 2974.67, H@1: 0.412, H@3: 0.491, H@10: 0.554 | 
[2025-05-15 01:38:02,557][root][INFO] - Epoch: 210 | Loss: 0.0004 | Val - MRR: 0.4646, MR: 2880.20, H@1: 0.414, H@3: 0.488, H@10: 0.556 | 
[2025-05-15 01:39:19,895][root][INFO] - Epoch: 211 | Loss: 0.0004 | Val - MRR: 0.4645, MR: 2810.79, H@1: 0.412, H@3: 0.489, H@10: 0.556 | 
[2025-05-15 01:40:37,873][root][INFO] - Epoch: 212 | Loss: 0.0004 | Val - MRR: 0.4655, MR: 2952.32, H@1: 0.415, H@3: 0.490, H@10: 0.558 | 
[2025-05-15 01:41:55,263][root][INFO] - Epoch: 213 | Loss: 0.0004 | Val - MRR: 0.4643, MR: 2911.34, H@1: 0.413, H@3: 0.491, H@10: 0.554 | 
[2025-05-15 01:43:12,268][root][INFO] - Epoch: 214 | Loss: 0.0004 | Val - MRR: 0.4648, MR: 2856.94, H@1: 0.413, H@3: 0.491, H@10: 0.553 | 
[2025-05-15 01:44:44,959][root][INFO] - Epoch: 215 | Loss: 0.0004 | Val - MRR: 0.4659, MR: 2922.63, H@1: 0.416, H@3: 0.491, H@10: 0.555 | Test - MRR: 0.4661 | *
[2025-05-15 01:46:01,779][root][INFO] - Epoch: 216 | Loss: 0.0004 | Val - MRR: 0.4624, MR: 2925.83, H@1: 0.410, H@3: 0.491, H@10: 0.554 | 
[2025-05-15 01:47:15,479][root][INFO] - Epoch: 217 | Loss: 0.0004 | Val - MRR: 0.4642, MR: 2934.41, H@1: 0.413, H@3: 0.489, H@10: 0.552 | 
[2025-05-15 01:48:47,802][root][INFO] - Epoch: 218 | Loss: 0.0004 | Val - MRR: 0.4672, MR: 2812.40, H@1: 0.417, H@3: 0.492, H@10: 0.557 | Test - MRR: 0.4654 | *
[2025-05-15 01:50:16,924][root][INFO] - Epoch: 219 | Loss: 0.0004 | Val - MRR: 0.4673, MR: 2932.30, H@1: 0.418, H@3: 0.491, H@10: 0.554 | Test - MRR: 0.4652 | *
[2025-05-15 01:51:32,703][root][INFO] - Epoch: 220 | Loss: 0.0004 | Val - MRR: 0.4663, MR: 2860.53, H@1: 0.414, H@3: 0.493, H@10: 0.558 | 
[2025-05-15 01:53:00,778][root][INFO] - Epoch: 221 | Loss: 0.0004 | Val - MRR: 0.4673, MR: 2876.80, H@1: 0.419, H@3: 0.489, H@10: 0.554 | Test - MRR: 0.4654 | *
[2025-05-15 01:54:30,608][root][INFO] - Epoch: 222 | Loss: 0.0004 | Val - MRR: 0.4692, MR: 2935.49, H@1: 0.422, H@3: 0.490, H@10: 0.555 | Test - MRR: 0.4666 | *
[2025-05-15 01:55:46,540][root][INFO] - Epoch: 223 | Loss: 0.0004 | Val - MRR: 0.4650, MR: 2885.79, H@1: 0.415, H@3: 0.489, H@10: 0.555 | 
[2025-05-15 01:57:00,252][root][INFO] - Epoch: 224 | Loss: 0.0004 | Val - MRR: 0.4637, MR: 2855.97, H@1: 0.412, H@3: 0.487, H@10: 0.556 | 
[2025-05-15 01:58:15,446][root][INFO] - Epoch: 225 | Loss: 0.0004 | Val - MRR: 0.4676, MR: 3004.97, H@1: 0.419, H@3: 0.491, H@10: 0.555 | 
[2025-05-15 01:59:29,887][root][INFO] - Epoch: 226 | Loss: 0.0004 | Val - MRR: 0.4680, MR: 2950.00, H@1: 0.420, H@3: 0.488, H@10: 0.557 | 
[2025-05-15 02:00:44,732][root][INFO] - Epoch: 227 | Loss: 0.0004 | Val - MRR: 0.4658, MR: 2910.49, H@1: 0.416, H@3: 0.488, H@10: 0.555 | 
[2025-05-15 02:02:01,487][root][INFO] - Epoch: 228 | Loss: 0.0004 | Val - MRR: 0.4664, MR: 2874.08, H@1: 0.416, H@3: 0.490, H@10: 0.551 | 
[2025-05-15 02:03:32,266][root][INFO] - Epoch: 229 | Loss: 0.0004 | Val - MRR: 0.4697, MR: 2950.02, H@1: 0.421, H@3: 0.494, H@10: 0.555 | Test - MRR: 0.4687 | *
[2025-05-15 02:04:50,502][root][INFO] - Epoch: 230 | Loss: 0.0004 | Val - MRR: 0.4685, MR: 2870.72, H@1: 0.420, H@3: 0.492, H@10: 0.556 | 
[2025-05-15 02:06:08,222][root][INFO] - Epoch: 231 | Loss: 0.0004 | Val - MRR: 0.4692, MR: 3042.44, H@1: 0.421, H@3: 0.493, H@10: 0.557 | 
[2025-05-15 02:07:25,947][root][INFO] - Epoch: 232 | Loss: 0.0004 | Val - MRR: 0.4674, MR: 3069.37, H@1: 0.418, H@3: 0.493, H@10: 0.552 | 
[2025-05-15 02:08:56,778][root][INFO] - Epoch: 233 | Loss: 0.0004 | Val - MRR: 0.4699, MR: 3002.37, H@1: 0.422, H@3: 0.492, H@10: 0.553 | Test - MRR: 0.4675 | *
[2025-05-15 02:10:16,187][root][INFO] - Epoch: 234 | Loss: 0.0004 | Val - MRR: 0.4693, MR: 2882.26, H@1: 0.419, H@3: 0.495, H@10: 0.559 | 
[2025-05-15 02:11:50,178][root][INFO] - Epoch: 235 | Loss: 0.0004 | Val - MRR: 0.4702, MR: 2999.03, H@1: 0.421, H@3: 0.494, H@10: 0.558 | Test - MRR: 0.4703 | *
[2025-05-15 02:13:08,333][root][INFO] - Epoch: 236 | Loss: 0.0004 | Val - MRR: 0.4693, MR: 2820.07, H@1: 0.419, H@3: 0.494, H@10: 0.557 | 
[2025-05-15 02:14:37,706][root][INFO] - Epoch: 237 | Loss: 0.0004 | Val - MRR: 0.4715, MR: 2995.81, H@1: 0.424, H@3: 0.492, H@10: 0.557 | Test - MRR: 0.4700 | *
[2025-05-15 02:15:53,964][root][INFO] - Epoch: 238 | Loss: 0.0004 | Val - MRR: 0.4687, MR: 2923.37, H@1: 0.419, H@3: 0.491, H@10: 0.559 | 
[2025-05-15 02:17:10,534][root][INFO] - Epoch: 239 | Loss: 0.0004 | Val - MRR: 0.4708, MR: 3031.39, H@1: 0.423, H@3: 0.493, H@10: 0.558 | 
[2025-05-15 02:18:27,545][root][INFO] - Epoch: 240 | Loss: 0.0004 | Val - MRR: 0.4699, MR: 2959.64, H@1: 0.420, H@3: 0.494, H@10: 0.557 | 
[2025-05-15 02:19:44,870][root][INFO] - Epoch: 241 | Loss: 0.0004 | Val - MRR: 0.4705, MR: 2980.18, H@1: 0.423, H@3: 0.493, H@10: 0.556 | 
[2025-05-15 02:21:02,688][root][INFO] - Epoch: 242 | Loss: 0.0004 | Val - MRR: 0.4705, MR: 2843.53, H@1: 0.422, H@3: 0.493, H@10: 0.559 | 
[2025-05-15 02:22:19,438][root][INFO] - Epoch: 243 | Loss: 0.0004 | Val - MRR: 0.4706, MR: 2912.26, H@1: 0.422, H@3: 0.494, H@10: 0.557 | 
[2025-05-15 02:23:35,311][root][INFO] - Epoch: 244 | Loss: 0.0004 | Val - MRR: 0.4705, MR: 2918.05, H@1: 0.422, H@3: 0.495, H@10: 0.556 | 
[2025-05-15 02:24:51,730][root][INFO] - Epoch: 245 | Loss: 0.0004 | Val - MRR: 0.4698, MR: 2867.88, H@1: 0.420, H@3: 0.495, H@10: 0.557 | 
[2025-05-15 02:26:09,742][root][INFO] - Epoch: 246 | Loss: 0.0004 | Val - MRR: 0.4691, MR: 2886.73, H@1: 0.420, H@3: 0.492, H@10: 0.560 | 
[2025-05-15 02:27:27,179][root][INFO] - Epoch: 247 | Loss: 0.0004 | Val - MRR: 0.4682, MR: 2873.57, H@1: 0.417, H@3: 0.493, H@10: 0.558 | 
[2025-05-15 02:28:46,986][root][INFO] - Epoch: 248 | Loss: 0.0004 | Val - MRR: 0.4712, MR: 2916.58, H@1: 0.422, H@3: 0.494, H@10: 0.561 | 
[2025-05-15 02:30:17,151][root][INFO] - Epoch: 249 | Loss: 0.0004 | Val - MRR: 0.4724, MR: 2853.59, H@1: 0.423, H@3: 0.496, H@10: 0.559 | Test - MRR: 0.4704 | *
[2025-05-15 02:31:36,218][root][INFO] - Epoch: 250 | Loss: 0.0004 | Val - MRR: 0.4714, MR: 3003.87, H@1: 0.425, H@3: 0.491, H@10: 0.558 | 
[2025-05-15 02:32:54,017][root][INFO] - Epoch: 251 | Loss: 0.0004 | Val - MRR: 0.4708, MR: 2937.58, H@1: 0.423, H@3: 0.492, H@10: 0.558 | 
[2025-05-15 02:34:11,466][root][INFO] - Epoch: 252 | Loss: 0.0004 | Val - MRR: 0.4709, MR: 3057.73, H@1: 0.423, H@3: 0.492, H@10: 0.559 | 
[2025-05-15 02:35:28,087][root][INFO] - Epoch: 253 | Loss: 0.0004 | Val - MRR: 0.4710, MR: 2965.44, H@1: 0.423, H@3: 0.492, H@10: 0.559 | 
[2025-05-15 02:36:47,288][root][INFO] - Epoch: 254 | Loss: 0.0004 | Val - MRR: 0.4715, MR: 3064.78, H@1: 0.424, H@3: 0.494, H@10: 0.556 | 
[2025-05-15 02:38:04,359][root][INFO] - Epoch: 255 | Loss: 0.0004 | Val - MRR: 0.4721, MR: 2969.75, H@1: 0.424, H@3: 0.494, H@10: 0.558 | 
[2025-05-15 02:39:21,221][root][INFO] - Epoch: 256 | Loss: 0.0004 | Val - MRR: 0.4708, MR: 2991.57, H@1: 0.422, H@3: 0.493, H@10: 0.559 | 
[2025-05-15 02:40:38,843][root][INFO] - Epoch: 257 | Loss: 0.0004 | Val - MRR: 0.4700, MR: 2877.67, H@1: 0.421, H@3: 0.494, H@10: 0.559 | 
[2025-05-15 02:41:56,642][root][INFO] - Epoch: 258 | Loss: 0.0004 | Val - MRR: 0.4700, MR: 2976.27, H@1: 0.422, H@3: 0.492, H@10: 0.558 | 
[2025-05-15 02:43:13,822][root][INFO] - Epoch: 259 | Loss: 0.0004 | Val - MRR: 0.4711, MR: 2978.66, H@1: 0.421, H@3: 0.497, H@10: 0.559 | 
[2025-05-15 02:44:30,331][root][INFO] - Epoch: 260 | Loss: 0.0004 | Val - MRR: 0.4709, MR: 2965.97, H@1: 0.422, H@3: 0.494, H@10: 0.560 | 
[2025-05-15 02:45:49,177][root][INFO] - Epoch: 261 | Loss: 0.0004 | Val - MRR: 0.4718, MR: 2986.41, H@1: 0.425, H@3: 0.492, H@10: 0.557 | 
[2025-05-15 02:47:18,497][root][INFO] - Epoch: 262 | Loss: 0.0004 | Val - MRR: 0.4725, MR: 2931.60, H@1: 0.425, H@3: 0.494, H@10: 0.558 | Test - MRR: 0.4681 | *
[2025-05-15 02:48:36,960][root][INFO] - Epoch: 263 | Loss: 0.0004 | Val - MRR: 0.4718, MR: 2925.62, H@1: 0.424, H@3: 0.494, H@10: 0.556 | 
[2025-05-15 02:50:06,490][root][INFO] - Epoch: 264 | Loss: 0.0004 | Val - MRR: 0.4756, MR: 2942.58, H@1: 0.429, H@3: 0.497, H@10: 0.558 | Test - MRR: 0.4701 | *
[2025-05-15 02:51:24,193][root][INFO] - Epoch: 265 | Loss: 0.0004 | Val - MRR: 0.4744, MR: 3052.78, H@1: 0.427, H@3: 0.497, H@10: 0.556 | 
[2025-05-15 02:52:52,962][root][INFO] - Epoch: 266 | Loss: 0.0004 | Val - MRR: 0.4757, MR: 3063.46, H@1: 0.430, H@3: 0.496, H@10: 0.557 | Test - MRR: 0.4721 | *
[2025-05-15 02:54:09,941][root][INFO] - Epoch: 267 | Loss: 0.0004 | Val - MRR: 0.4733, MR: 2988.60, H@1: 0.427, H@3: 0.493, H@10: 0.558 | 
[2025-05-15 02:55:24,961][root][INFO] - Epoch: 268 | Loss: 0.0004 | Val - MRR: 0.4727, MR: 2959.74, H@1: 0.426, H@3: 0.494, H@10: 0.558 | 
[2025-05-15 02:56:41,675][root][INFO] - Epoch: 269 | Loss: 0.0004 | Val - MRR: 0.4722, MR: 3102.30, H@1: 0.426, H@3: 0.493, H@10: 0.555 | 
[2025-05-15 02:57:58,806][root][INFO] - Epoch: 270 | Loss: 0.0004 | Val - MRR: 0.4734, MR: 2899.17, H@1: 0.427, H@3: 0.492, H@10: 0.557 | 
[2025-05-15 02:59:14,370][root][INFO] - Epoch: 271 | Loss: 0.0004 | Val - MRR: 0.4735, MR: 3034.61, H@1: 0.428, H@3: 0.493, H@10: 0.555 | 
[2025-05-15 03:00:30,792][root][INFO] - Epoch: 272 | Loss: 0.0004 | Val - MRR: 0.4722, MR: 2960.88, H@1: 0.424, H@3: 0.496, H@10: 0.558 | 
[2025-05-15 03:01:47,738][root][INFO] - Epoch: 273 | Loss: 0.0004 | Val - MRR: 0.4732, MR: 3001.97, H@1: 0.428, H@3: 0.491, H@10: 0.556 | 
[2025-05-15 03:03:02,348][root][INFO] - Epoch: 274 | Loss: 0.0004 | Val - MRR: 0.4746, MR: 3018.00, H@1: 0.428, H@3: 0.494, H@10: 0.559 | 
[2025-05-15 03:04:18,772][root][INFO] - Epoch: 275 | Loss: 0.0004 | Val - MRR: 0.4720, MR: 2971.12, H@1: 0.425, H@3: 0.494, H@10: 0.560 | 
[2025-05-15 03:05:34,702][root][INFO] - Epoch: 276 | Loss: 0.0004 | Val - MRR: 0.4725, MR: 3023.47, H@1: 0.426, H@3: 0.493, H@10: 0.556 | 
[2025-05-15 03:06:35,043][root][INFO] - Epoch: 277 | Loss: 0.0004 | Val - MRR: 0.4713, MR: 2938.93, H@1: 0.425, H@3: 0.491, H@10: 0.557 | 
[2025-05-15 03:07:34,319][root][INFO] - Epoch: 278 | Loss: 0.0004 | Val - MRR: 0.4720, MR: 3002.22, H@1: 0.425, H@3: 0.493, H@10: 0.558 | 
[2025-05-15 03:08:30,966][root][INFO] - Epoch: 279 | Loss: 0.0004 | Val - MRR: 0.4721, MR: 2958.87, H@1: 0.424, H@3: 0.493, H@10: 0.561 | 
[2025-05-15 03:09:38,056][root][INFO] - Epoch: 280 | Loss: 0.0004 | Val - MRR: 0.4765, MR: 3043.42, H@1: 0.432, H@3: 0.495, H@10: 0.559 | Test - MRR: 0.4716 | *
[2025-05-15 03:10:35,047][root][INFO] - Epoch: 281 | Loss: 0.0004 | Val - MRR: 0.4734, MR: 2977.33, H@1: 0.427, H@3: 0.494, H@10: 0.559 | 
[2025-05-15 03:11:32,787][root][INFO] - Epoch: 282 | Loss: 0.0004 | Val - MRR: 0.4725, MR: 2898.90, H@1: 0.425, H@3: 0.493, H@10: 0.560 | 
[2025-05-15 03:12:30,655][root][INFO] - Epoch: 283 | Loss: 0.0004 | Val - MRR: 0.4724, MR: 3039.06, H@1: 0.426, H@3: 0.493, H@10: 0.557 | 
[2025-05-15 03:13:29,808][root][INFO] - Epoch: 284 | Loss: 0.0004 | Val - MRR: 0.4741, MR: 3095.44, H@1: 0.428, H@3: 0.494, H@10: 0.557 | 
[2025-05-15 03:14:28,513][root][INFO] - Epoch: 285 | Loss: 0.0004 | Val - MRR: 0.4730, MR: 3046.55, H@1: 0.426, H@3: 0.493, H@10: 0.556 | 
[2025-05-15 03:15:27,489][root][INFO] - Epoch: 286 | Loss: 0.0004 | Val - MRR: 0.4736, MR: 3040.76, H@1: 0.427, H@3: 0.495, H@10: 0.556 | 
[2025-05-15 03:16:30,237][root][INFO] - Epoch: 287 | Loss: 0.0004 | Val - MRR: 0.4736, MR: 2998.26, H@1: 0.427, H@3: 0.495, H@10: 0.559 | 
[2025-05-15 03:17:30,005][root][INFO] - Epoch: 288 | Loss: 0.0004 | Val - MRR: 0.4723, MR: 3019.35, H@1: 0.425, H@3: 0.494, H@10: 0.559 | 
[2025-05-15 03:18:29,323][root][INFO] - Epoch: 289 | Loss: 0.0004 | Val - MRR: 0.4736, MR: 3082.31, H@1: 0.427, H@3: 0.495, H@10: 0.559 | 
[2025-05-15 03:19:26,813][root][INFO] - Epoch: 290 | Loss: 0.0004 | Val - MRR: 0.4741, MR: 3010.88, H@1: 0.427, H@3: 0.497, H@10: 0.557 | 
[2025-05-15 03:20:23,769][root][INFO] - Epoch: 291 | Loss: 0.0004 | Val - MRR: 0.4724, MR: 3103.80, H@1: 0.426, H@3: 0.493, H@10: 0.557 | 
[2025-05-15 03:21:23,230][root][INFO] - Epoch: 292 | Loss: 0.0004 | Val - MRR: 0.4732, MR: 2990.64, H@1: 0.426, H@3: 0.494, H@10: 0.557 | 
[2025-05-15 03:22:22,334][root][INFO] - Epoch: 293 | Loss: 0.0004 | Val - MRR: 0.4735, MR: 3019.83, H@1: 0.426, H@3: 0.494, H@10: 0.559 | 
[2025-05-15 03:23:20,475][root][INFO] - Epoch: 294 | Loss: 0.0004 | Val - MRR: 0.4750, MR: 2997.17, H@1: 0.429, H@3: 0.493, H@10: 0.560 | 
[2025-05-15 03:24:18,060][root][INFO] - Epoch: 295 | Loss: 0.0004 | Val - MRR: 0.4730, MR: 2890.82, H@1: 0.425, H@3: 0.495, H@10: 0.559 | 
[2025-05-15 03:25:16,984][root][INFO] - Epoch: 296 | Loss: 0.0004 | Val - MRR: 0.4742, MR: 3134.68, H@1: 0.428, H@3: 0.496, H@10: 0.559 | 
[2025-05-15 03:26:16,101][root][INFO] - Epoch: 297 | Loss: 0.0004 | Val - MRR: 0.4743, MR: 3071.02, H@1: 0.427, H@3: 0.495, H@10: 0.561 | 
[2025-05-15 03:27:15,745][root][INFO] - Epoch: 298 | Loss: 0.0004 | Val - MRR: 0.4748, MR: 3021.33, H@1: 0.428, H@3: 0.498, H@10: 0.560 | 
[2025-05-15 03:28:15,330][root][INFO] - Epoch: 299 | Loss: 0.0004 | Val - MRR: 0.4711, MR: 3014.80, H@1: 0.423, H@3: 0.493, H@10: 0.559 | 
[2025-05-15 03:29:15,495][root][INFO] - Epoch: 300 | Loss: 0.0004 | Val - MRR: 0.4740, MR: 3032.12, H@1: 0.428, H@3: 0.493, H@10: 0.558 | 
[2025-05-15 03:30:13,825][root][INFO] - Epoch: 301 | Loss: 0.0004 | Val - MRR: 0.4756, MR: 3016.97, H@1: 0.429, H@3: 0.495, H@10: 0.560 | 
[2025-05-15 03:31:15,296][root][INFO] - Epoch: 302 | Loss: 0.0004 | Val - MRR: 0.4748, MR: 3067.99, H@1: 0.429, H@3: 0.495, H@10: 0.558 | 
[2025-05-15 03:32:16,047][root][INFO] - Epoch: 303 | Loss: 0.0004 | Val - MRR: 0.4740, MR: 3066.71, H@1: 0.427, H@3: 0.496, H@10: 0.558 | 
[2025-05-15 03:33:14,476][root][INFO] - Epoch: 304 | Loss: 0.0004 | Val - MRR: 0.4735, MR: 2997.28, H@1: 0.426, H@3: 0.493, H@10: 0.563 | 
[2025-05-15 03:34:13,774][root][INFO] - Epoch: 305 | Loss: 0.0004 | Val - MRR: 0.4749, MR: 3089.19, H@1: 0.428, H@3: 0.494, H@10: 0.559 | 
[2025-05-15 03:35:12,227][root][INFO] - Epoch: 306 | Loss: 0.0004 | Val - MRR: 0.4745, MR: 3126.38, H@1: 0.430, H@3: 0.493, H@10: 0.559 | 
[2025-05-15 03:36:10,831][root][INFO] - Epoch: 307 | Loss: 0.0004 | Val - MRR: 0.4735, MR: 2954.73, H@1: 0.429, H@3: 0.491, H@10: 0.558 | 
[2025-05-15 03:37:09,802][root][INFO] - Epoch: 308 | Loss: 0.0004 | Val - MRR: 0.4745, MR: 2985.20, H@1: 0.429, H@3: 0.493, H@10: 0.561 | 
[2025-05-15 03:38:07,804][root][INFO] - Epoch: 309 | Loss: 0.0004 | Val - MRR: 0.4743, MR: 3026.18, H@1: 0.429, H@3: 0.493, H@10: 0.557 | 
[2025-05-15 03:39:08,378][root][INFO] - Epoch: 310 | Loss: 0.0004 | Val - MRR: 0.4756, MR: 3006.11, H@1: 0.431, H@3: 0.494, H@10: 0.559 | 
[2025-05-15 03:40:19,712][root][INFO] - Epoch: 311 | Loss: 0.0004 | Val - MRR: 0.4769, MR: 2839.06, H@1: 0.432, H@3: 0.496, H@10: 0.561 | Test - MRR: 0.4751 | *
[2025-05-15 03:41:30,302][root][INFO] - Epoch: 312 | Loss: 0.0004 | Val - MRR: 0.4775, MR: 3168.15, H@1: 0.434, H@3: 0.494, H@10: 0.559 | Test - MRR: 0.4747 | *
[2025-05-15 03:42:29,593][root][INFO] - Epoch: 313 | Loss: 0.0004 | Val - MRR: 0.4752, MR: 3164.55, H@1: 0.431, H@3: 0.492, H@10: 0.559 | 
[2025-05-15 03:43:28,525][root][INFO] - Epoch: 314 | Loss: 0.0004 | Val - MRR: 0.4744, MR: 2982.90, H@1: 0.428, H@3: 0.492, H@10: 0.558 | 
[2025-05-15 03:44:26,151][root][INFO] - Epoch: 315 | Loss: 0.0004 | Val - MRR: 0.4741, MR: 2933.82, H@1: 0.428, H@3: 0.492, H@10: 0.557 | 
[2025-05-15 03:45:25,296][root][INFO] - Epoch: 316 | Loss: 0.0004 | Val - MRR: 0.4763, MR: 2940.58, H@1: 0.432, H@3: 0.494, H@10: 0.559 | 
[2025-05-15 03:46:22,396][root][INFO] - Epoch: 317 | Loss: 0.0004 | Val - MRR: 0.4741, MR: 3101.06, H@1: 0.429, H@3: 0.493, H@10: 0.559 | 
[2025-05-15 03:47:20,020][root][INFO] - Epoch: 318 | Loss: 0.0004 | Val - MRR: 0.4764, MR: 3015.73, H@1: 0.433, H@3: 0.493, H@10: 0.559 | 
[2025-05-15 03:48:20,485][root][INFO] - Epoch: 319 | Loss: 0.0004 | Val - MRR: 0.4768, MR: 3079.73, H@1: 0.433, H@3: 0.492, H@10: 0.563 | 
[2025-05-15 03:49:18,288][root][INFO] - Epoch: 320 | Loss: 0.0004 | Val - MRR: 0.4756, MR: 3013.93, H@1: 0.431, H@3: 0.492, H@10: 0.560 | 
[2025-05-15 03:50:19,200][root][INFO] - Epoch: 321 | Loss: 0.0004 | Val - MRR: 0.4759, MR: 3078.60, H@1: 0.432, H@3: 0.492, H@10: 0.557 | 
[2025-05-15 03:51:19,228][root][INFO] - Epoch: 322 | Loss: 0.0004 | Val - MRR: 0.4753, MR: 3097.60, H@1: 0.431, H@3: 0.493, H@10: 0.560 | 
[2025-05-15 03:52:20,422][root][INFO] - Epoch: 323 | Loss: 0.0004 | Val - MRR: 0.4758, MR: 3050.99, H@1: 0.432, H@3: 0.493, H@10: 0.560 | 
[2025-05-15 03:53:20,234][root][INFO] - Epoch: 324 | Loss: 0.0004 | Val - MRR: 0.4757, MR: 3169.30, H@1: 0.432, H@3: 0.492, H@10: 0.560 | 
[2025-05-15 03:54:20,357][root][INFO] - Epoch: 325 | Loss: 0.0004 | Val - MRR: 0.4755, MR: 3093.68, H@1: 0.431, H@3: 0.492, H@10: 0.560 | 
[2025-05-15 03:55:18,151][root][INFO] - Epoch: 326 | Loss: 0.0004 | Val - MRR: 0.4759, MR: 2983.95, H@1: 0.431, H@3: 0.493, H@10: 0.558 | 
[2025-05-15 03:56:18,040][root][INFO] - Epoch: 327 | Loss: 0.0004 | Val - MRR: 0.4770, MR: 2959.07, H@1: 0.433, H@3: 0.494, H@10: 0.561 | 
[2025-05-15 03:57:17,934][root][INFO] - Epoch: 328 | Loss: 0.0004 | Val - MRR: 0.4758, MR: 2975.62, H@1: 0.431, H@3: 0.494, H@10: 0.561 | 
[2025-05-15 03:58:18,488][root][INFO] - Epoch: 329 | Loss: 0.0004 | Val - MRR: 0.4769, MR: 3102.56, H@1: 0.432, H@3: 0.495, H@10: 0.559 | 
[2025-05-15 03:59:29,763][root][INFO] - Epoch: 330 | Loss: 0.0004 | Val - MRR: 0.4784, MR: 2972.49, H@1: 0.434, H@3: 0.495, H@10: 0.562 | Test - MRR: 0.4755 | *
[2025-05-15 04:00:28,108][root][INFO] - Epoch: 331 | Loss: 0.0004 | Val - MRR: 0.4765, MR: 3025.49, H@1: 0.432, H@3: 0.493, H@10: 0.560 | 
[2025-05-15 04:01:26,091][root][INFO] - Epoch: 332 | Loss: 0.0004 | Val - MRR: 0.4763, MR: 3059.89, H@1: 0.433, H@3: 0.493, H@10: 0.562 | 
[2025-05-15 04:02:23,538][root][INFO] - Epoch: 333 | Loss: 0.0004 | Val - MRR: 0.4775, MR: 3047.88, H@1: 0.434, H@3: 0.493, H@10: 0.559 | 
[2025-05-15 04:03:21,282][root][INFO] - Epoch: 334 | Loss: 0.0004 | Val - MRR: 0.4776, MR: 3147.91, H@1: 0.434, H@3: 0.493, H@10: 0.560 | 
[2025-05-15 04:04:19,502][root][INFO] - Epoch: 335 | Loss: 0.0004 | Val - MRR: 0.4751, MR: 2969.80, H@1: 0.429, H@3: 0.493, H@10: 0.560 | 
[2025-05-15 04:05:19,079][root][INFO] - Epoch: 336 | Loss: 0.0004 | Val - MRR: 0.4762, MR: 3146.52, H@1: 0.433, H@3: 0.492, H@10: 0.561 | 
[2025-05-15 04:06:18,780][root][INFO] - Epoch: 337 | Loss: 0.0004 | Val - MRR: 0.4754, MR: 3033.17, H@1: 0.430, H@3: 0.493, H@10: 0.562 | 
[2025-05-15 04:07:18,946][root][INFO] - Epoch: 338 | Loss: 0.0004 | Val - MRR: 0.4759, MR: 3092.32, H@1: 0.432, H@3: 0.492, H@10: 0.564 | 
[2025-05-15 04:08:17,091][root][INFO] - Epoch: 339 | Loss: 0.0004 | Val - MRR: 0.4753, MR: 3091.19, H@1: 0.432, H@3: 0.492, H@10: 0.560 | 
[2025-05-15 04:09:15,862][root][INFO] - Epoch: 340 | Loss: 0.0004 | Val - MRR: 0.4758, MR: 3010.72, H@1: 0.431, H@3: 0.493, H@10: 0.563 | 
[2025-05-15 04:10:15,461][root][INFO] - Epoch: 341 | Loss: 0.0004 | Val - MRR: 0.4761, MR: 3042.92, H@1: 0.431, H@3: 0.493, H@10: 0.563 | 
[2025-05-15 04:11:16,356][root][INFO] - Epoch: 342 | Loss: 0.0004 | Val - MRR: 0.4777, MR: 3037.97, H@1: 0.434, H@3: 0.492, H@10: 0.563 | 
[2025-05-15 04:12:13,084][root][INFO] - Epoch: 343 | Loss: 0.0004 | Val - MRR: 0.4771, MR: 3037.46, H@1: 0.432, H@3: 0.495, H@10: 0.563 | 
[2025-05-15 04:13:12,377][root][INFO] - Epoch: 344 | Loss: 0.0004 | Val - MRR: 0.4762, MR: 3067.95, H@1: 0.431, H@3: 0.495, H@10: 0.560 | 
[2025-05-15 04:14:10,819][root][INFO] - Epoch: 345 | Loss: 0.0004 | Val - MRR: 0.4774, MR: 3061.40, H@1: 0.433, H@3: 0.495, H@10: 0.563 | 
[2025-05-15 04:15:09,081][root][INFO] - Epoch: 346 | Loss: 0.0004 | Val - MRR: 0.4760, MR: 3062.17, H@1: 0.431, H@3: 0.495, H@10: 0.561 | 
[2025-05-15 04:16:08,577][root][INFO] - Epoch: 347 | Loss: 0.0004 | Val - MRR: 0.4752, MR: 3164.41, H@1: 0.429, H@3: 0.495, H@10: 0.560 | 
[2025-05-15 04:17:08,075][root][INFO] - Epoch: 348 | Loss: 0.0004 | Val - MRR: 0.4759, MR: 3051.11, H@1: 0.431, H@3: 0.494, H@10: 0.561 | 
[2025-05-15 04:18:06,643][root][INFO] - Epoch: 349 | Loss: 0.0004 | Val - MRR: 0.4768, MR: 3035.66, H@1: 0.432, H@3: 0.493, H@10: 0.563 | 
[2025-05-15 04:19:06,399][root][INFO] - Epoch: 350 | Loss: 0.0004 | Val - MRR: 0.4744, MR: 3110.40, H@1: 0.429, H@3: 0.494, H@10: 0.562 | 
[2025-05-15 04:20:05,625][root][INFO] - Epoch: 351 | Loss: 0.0004 | Val - MRR: 0.4751, MR: 3060.48, H@1: 0.430, H@3: 0.492, H@10: 0.564 | 
[2025-05-15 04:21:05,932][root][INFO] - Epoch: 352 | Loss: 0.0004 | Val - MRR: 0.4751, MR: 3003.46, H@1: 0.429, H@3: 0.494, H@10: 0.562 | 
[2025-05-15 04:22:07,764][root][INFO] - Epoch: 353 | Loss: 0.0004 | Val - MRR: 0.4766, MR: 2968.60, H@1: 0.433, H@3: 0.493, H@10: 0.560 | 
[2025-05-15 04:23:07,582][root][INFO] - Epoch: 354 | Loss: 0.0004 | Val - MRR: 0.4760, MR: 3110.00, H@1: 0.430, H@3: 0.494, H@10: 0.562 | 
[2025-05-15 04:24:06,275][root][INFO] - Epoch: 355 | Loss: 0.0004 | Val - MRR: 0.4768, MR: 3069.29, H@1: 0.433, H@3: 0.494, H@10: 0.557 | 
[2025-05-15 04:25:05,470][root][INFO] - Epoch: 356 | Loss: 0.0004 | Val - MRR: 0.4758, MR: 3171.92, H@1: 0.430, H@3: 0.494, H@10: 0.559 | 
[2025-05-15 04:26:04,822][root][INFO] - Epoch: 357 | Loss: 0.0004 | Val - MRR: 0.4772, MR: 3023.29, H@1: 0.433, H@3: 0.494, H@10: 0.562 | 
[2025-05-15 04:27:04,698][root][INFO] - Epoch: 358 | Loss: 0.0004 | Val - MRR: 0.4743, MR: 3134.44, H@1: 0.428, H@3: 0.493, H@10: 0.559 | 
[2025-05-15 04:28:05,693][root][INFO] - Epoch: 359 | Loss: 0.0004 | Val - MRR: 0.4769, MR: 3038.56, H@1: 0.431, H@3: 0.497, H@10: 0.563 | 
[2025-05-15 04:29:05,588][root][INFO] - Epoch: 360 | Loss: 0.0004 | Val - MRR: 0.4766, MR: 3044.88, H@1: 0.432, H@3: 0.495, H@10: 0.562 | 
[2025-05-15 04:30:01,902][root][INFO] - Epoch: 361 | Loss: 0.0004 | Val - MRR: 0.4757, MR: 3118.34, H@1: 0.430, H@3: 0.495, H@10: 0.561 | 
[2025-05-15 04:31:00,582][root][INFO] - Epoch: 362 | Loss: 0.0004 | Val - MRR: 0.4772, MR: 3106.27, H@1: 0.432, H@3: 0.495, H@10: 0.560 | 
[2025-05-15 04:31:59,373][root][INFO] - Epoch: 363 | Loss: 0.0004 | Val - MRR: 0.4766, MR: 3128.51, H@1: 0.431, H@3: 0.496, H@10: 0.564 | 
[2025-05-15 04:32:58,529][root][INFO] - Epoch: 364 | Loss: 0.0004 | Val - MRR: 0.4770, MR: 3154.98, H@1: 0.433, H@3: 0.494, H@10: 0.560 | 
[2025-05-15 04:33:58,137][root][INFO] - Epoch: 365 | Loss: 0.0004 | Val - MRR: 0.4759, MR: 3117.71, H@1: 0.432, H@3: 0.494, H@10: 0.559 | 
[2025-05-15 04:34:57,695][root][INFO] - Epoch: 366 | Loss: 0.0004 | Val - MRR: 0.4771, MR: 3120.01, H@1: 0.433, H@3: 0.495, H@10: 0.560 | 
[2025-05-15 04:35:57,040][root][INFO] - Epoch: 367 | Loss: 0.0004 | Val - MRR: 0.4780, MR: 3087.99, H@1: 0.434, H@3: 0.495, H@10: 0.562 | 
[2025-05-15 04:36:55,186][root][INFO] - Epoch: 368 | Loss: 0.0004 | Val - MRR: 0.4774, MR: 3087.08, H@1: 0.433, H@3: 0.495, H@10: 0.562 | 
[2025-05-15 04:38:06,850][root][INFO] - Epoch: 369 | Loss: 0.0004 | Val - MRR: 0.4784, MR: 3146.80, H@1: 0.435, H@3: 0.496, H@10: 0.560 | Test - MRR: 0.4764 | *
[2025-05-15 04:39:04,002][root][INFO] - Epoch: 370 | Loss: 0.0004 | Val - MRR: 0.4777, MR: 3097.98, H@1: 0.434, H@3: 0.495, H@10: 0.559 | 
[2025-05-15 04:40:05,343][root][INFO] - Epoch: 371 | Loss: 0.0004 | Val - MRR: 0.4781, MR: 3084.12, H@1: 0.434, H@3: 0.495, H@10: 0.559 | 
[2025-05-15 04:41:05,349][root][INFO] - Epoch: 372 | Loss: 0.0004 | Val - MRR: 0.4764, MR: 3229.50, H@1: 0.432, H@3: 0.494, H@10: 0.560 | 
[2025-05-15 04:42:04,991][root][INFO] - Epoch: 373 | Loss: 0.0004 | Val - MRR: 0.4766, MR: 3128.70, H@1: 0.432, H@3: 0.495, H@10: 0.561 | 
[2025-05-15 04:43:16,720][root][INFO] - Epoch: 374 | Loss: 0.0004 | Val - MRR: 0.4797, MR: 3136.23, H@1: 0.436, H@3: 0.498, H@10: 0.562 | Test - MRR: 0.4769 | *
[2025-05-15 04:44:16,562][root][INFO] - Epoch: 375 | Loss: 0.0004 | Val - MRR: 0.4776, MR: 3124.99, H@1: 0.433, H@3: 0.495, H@10: 0.562 | 
[2025-05-15 04:45:16,593][root][INFO] - Epoch: 376 | Loss: 0.0004 | Val - MRR: 0.4773, MR: 3023.12, H@1: 0.434, H@3: 0.494, H@10: 0.560 | 
[2025-05-15 04:46:14,001][root][INFO] - Epoch: 377 | Loss: 0.0004 | Val - MRR: 0.4774, MR: 3079.47, H@1: 0.432, H@3: 0.497, H@10: 0.559 | 
[2025-05-15 04:47:11,585][root][INFO] - Epoch: 378 | Loss: 0.0004 | Val - MRR: 0.4775, MR: 3114.51, H@1: 0.433, H@3: 0.496, H@10: 0.561 | 
[2025-05-15 04:48:09,939][root][INFO] - Epoch: 379 | Loss: 0.0004 | Val - MRR: 0.4791, MR: 3073.14, H@1: 0.433, H@3: 0.500, H@10: 0.563 | 
[2025-05-15 04:49:08,575][root][INFO] - Epoch: 380 | Loss: 0.0004 | Val - MRR: 0.4792, MR: 3144.77, H@1: 0.436, H@3: 0.498, H@10: 0.560 | 
[2025-05-15 04:50:06,109][root][INFO] - Epoch: 381 | Loss: 0.0004 | Val - MRR: 0.4781, MR: 3200.93, H@1: 0.433, H@3: 0.498, H@10: 0.561 | 
[2025-05-15 04:51:03,143][root][INFO] - Epoch: 382 | Loss: 0.0004 | Val - MRR: 0.4784, MR: 3029.33, H@1: 0.434, H@3: 0.499, H@10: 0.561 | 
[2025-05-15 04:52:01,970][root][INFO] - Epoch: 383 | Loss: 0.0004 | Val - MRR: 0.4776, MR: 3163.08, H@1: 0.433, H@3: 0.496, H@10: 0.559 | 
[2025-05-15 04:53:01,630][root][INFO] - Epoch: 384 | Loss: 0.0004 | Val - MRR: 0.4796, MR: 3107.87, H@1: 0.435, H@3: 0.497, H@10: 0.562 | 
[2025-05-15 04:54:00,206][root][INFO] - Epoch: 385 | Loss: 0.0004 | Val - MRR: 0.4793, MR: 3055.91, H@1: 0.435, H@3: 0.496, H@10: 0.562 | 
[2025-05-15 04:54:59,807][root][INFO] - Epoch: 386 | Loss: 0.0004 | Val - MRR: 0.4786, MR: 3176.27, H@1: 0.435, H@3: 0.497, H@10: 0.558 | 
[2025-05-15 04:56:10,805][root][INFO] - Epoch: 387 | Loss: 0.0004 | Val - MRR: 0.4801, MR: 3133.55, H@1: 0.437, H@3: 0.500, H@10: 0.560 | Test - MRR: 0.4793 | *
[2025-05-15 04:57:11,354][root][INFO] - Epoch: 388 | Loss: 0.0004 | Val - MRR: 0.4793, MR: 3133.25, H@1: 0.437, H@3: 0.497, H@10: 0.559 | 
[2025-05-15 04:58:09,508][root][INFO] - Epoch: 389 | Loss: 0.0004 | Val - MRR: 0.4773, MR: 3181.83, H@1: 0.434, H@3: 0.496, H@10: 0.559 | 
[2025-05-15 04:59:07,655][root][INFO] - Epoch: 390 | Loss: 0.0004 | Val - MRR: 0.4776, MR: 3196.55, H@1: 0.435, H@3: 0.493, H@10: 0.559 | 
[2025-05-15 05:00:05,651][root][INFO] - Epoch: 391 | Loss: 0.0004 | Val - MRR: 0.4782, MR: 3118.35, H@1: 0.435, H@3: 0.494, H@10: 0.558 | 
[2025-05-15 05:01:03,736][root][INFO] - Epoch: 392 | Loss: 0.0004 | Val - MRR: 0.4778, MR: 3143.84, H@1: 0.433, H@3: 0.496, H@10: 0.561 | 
[2025-05-15 05:02:00,959][root][INFO] - Epoch: 393 | Loss: 0.0004 | Val - MRR: 0.4778, MR: 3108.53, H@1: 0.434, H@3: 0.495, H@10: 0.561 | 
[2025-05-15 05:03:01,250][root][INFO] - Epoch: 394 | Loss: 0.0004 | Val - MRR: 0.4776, MR: 3199.65, H@1: 0.434, H@3: 0.495, H@10: 0.562 | 
[2025-05-15 05:03:59,486][root][INFO] - Epoch: 395 | Loss: 0.0004 | Val - MRR: 0.4755, MR: 3047.71, H@1: 0.431, H@3: 0.494, H@10: 0.558 | 
[2025-05-15 05:04:56,635][root][INFO] - Epoch: 396 | Loss: 0.0004 | Val - MRR: 0.4780, MR: 3143.32, H@1: 0.434, H@3: 0.496, H@10: 0.562 | 
[2025-05-15 05:05:56,730][root][INFO] - Epoch: 397 | Loss: 0.0004 | Val - MRR: 0.4778, MR: 3073.41, H@1: 0.433, H@3: 0.494, H@10: 0.561 | 
[2025-05-15 05:06:54,177][root][INFO] - Epoch: 398 | Loss: 0.0004 | Val - MRR: 0.4779, MR: 3146.80, H@1: 0.434, H@3: 0.495, H@10: 0.560 | 
[2025-05-15 05:07:53,172][root][INFO] - Epoch: 399 | Loss: 0.0004 | Val - MRR: 0.4776, MR: 3150.61, H@1: 0.433, H@3: 0.496, H@10: 0.561 | 
[2025-05-15 05:08:51,511][root][INFO] - Epoch: 400 | Loss: 0.0004 | Val - MRR: 0.4750, MR: 3072.45, H@1: 0.429, H@3: 0.495, H@10: 0.560 | 
[2025-05-15 05:09:49,543][root][INFO] - Epoch: 401 | Loss: 0.0004 | Val - MRR: 0.4779, MR: 3172.32, H@1: 0.433, H@3: 0.497, H@10: 0.562 | 
[2025-05-15 05:10:48,518][root][INFO] - Epoch: 402 | Loss: 0.0004 | Val - MRR: 0.4785, MR: 3177.05, H@1: 0.435, H@3: 0.496, H@10: 0.562 | 
[2025-05-15 05:11:45,149][root][INFO] - Epoch: 403 | Loss: 0.0004 | Val - MRR: 0.4771, MR: 3134.74, H@1: 0.433, H@3: 0.495, H@10: 0.559 | 
[2025-05-15 05:12:43,451][root][INFO] - Epoch: 404 | Loss: 0.0004 | Val - MRR: 0.4791, MR: 3130.59, H@1: 0.437, H@3: 0.495, H@10: 0.562 | 
[2025-05-15 05:13:43,423][root][INFO] - Epoch: 405 | Loss: 0.0004 | Val - MRR: 0.4791, MR: 3177.48, H@1: 0.437, H@3: 0.496, H@10: 0.560 | 
[2025-05-15 05:14:42,050][root][INFO] - Epoch: 406 | Loss: 0.0004 | Val - MRR: 0.4787, MR: 3170.59, H@1: 0.436, H@3: 0.495, H@10: 0.565 | 
[2025-05-15 05:15:41,918][root][INFO] - Epoch: 407 | Loss: 0.0004 | Val - MRR: 0.4781, MR: 3163.01, H@1: 0.435, H@3: 0.495, H@10: 0.562 | 
[2025-05-15 05:16:43,239][root][INFO] - Epoch: 408 | Loss: 0.0004 | Val - MRR: 0.4783, MR: 3131.10, H@1: 0.435, H@3: 0.495, H@10: 0.560 | 
[2025-05-15 05:17:45,203][root][INFO] - Epoch: 409 | Loss: 0.0004 | Val - MRR: 0.4787, MR: 3189.93, H@1: 0.436, H@3: 0.495, H@10: 0.561 | 
[2025-05-15 05:18:58,872][root][INFO] - Epoch: 410 | Loss: 0.0004 | Val - MRR: 0.4801, MR: 3137.26, H@1: 0.437, H@3: 0.497, H@10: 0.559 | Test - MRR: 0.4784 | *
[2025-05-15 05:19:59,460][root][INFO] - Epoch: 411 | Loss: 0.0004 | Val - MRR: 0.4789, MR: 3165.77, H@1: 0.437, H@3: 0.496, H@10: 0.559 | 
[2025-05-15 05:21:00,275][root][INFO] - Epoch: 412 | Loss: 0.0004 | Val - MRR: 0.4792, MR: 3203.08, H@1: 0.437, H@3: 0.493, H@10: 0.563 | 
[2025-05-15 05:22:01,905][root][INFO] - Epoch: 413 | Loss: 0.0004 | Val - MRR: 0.4785, MR: 3111.27, H@1: 0.435, H@3: 0.495, H@10: 0.561 | 
[2025-05-15 05:23:02,174][root][INFO] - Epoch: 414 | Loss: 0.0004 | Val - MRR: 0.4794, MR: 3102.76, H@1: 0.436, H@3: 0.496, H@10: 0.561 | 
[2025-05-15 05:24:02,080][root][INFO] - Epoch: 415 | Loss: 0.0004 | Val - MRR: 0.4790, MR: 3073.40, H@1: 0.436, H@3: 0.495, H@10: 0.561 | 
[2025-05-15 05:24:59,972][root][INFO] - Epoch: 416 | Loss: 0.0004 | Val - MRR: 0.4770, MR: 3200.54, H@1: 0.433, H@3: 0.494, H@10: 0.560 | 
[2025-05-15 05:25:59,009][root][INFO] - Epoch: 417 | Loss: 0.0004 | Val - MRR: 0.4774, MR: 3207.73, H@1: 0.433, H@3: 0.497, H@10: 0.562 | 
[2025-05-15 05:26:57,266][root][INFO] - Epoch: 418 | Loss: 0.0004 | Val - MRR: 0.4793, MR: 3223.77, H@1: 0.437, H@3: 0.496, H@10: 0.564 | 
[2025-05-15 05:27:56,561][root][INFO] - Epoch: 419 | Loss: 0.0004 | Val - MRR: 0.4796, MR: 3133.83, H@1: 0.437, H@3: 0.497, H@10: 0.564 | 
[2025-05-15 05:28:55,327][root][INFO] - Epoch: 420 | Loss: 0.0004 | Val - MRR: 0.4786, MR: 3225.06, H@1: 0.436, H@3: 0.495, H@10: 0.560 | 
[2025-05-15 05:29:54,011][root][INFO] - Epoch: 421 | Loss: 0.0004 | Val - MRR: 0.4796, MR: 3124.88, H@1: 0.437, H@3: 0.495, H@10: 0.562 | 
[2025-05-15 05:30:53,913][root][INFO] - Epoch: 422 | Loss: 0.0004 | Val - MRR: 0.4790, MR: 3225.13, H@1: 0.437, H@3: 0.495, H@10: 0.562 | 
[2025-05-15 05:31:55,239][root][INFO] - Epoch: 423 | Loss: 0.0004 | Val - MRR: 0.4789, MR: 3115.18, H@1: 0.435, H@3: 0.495, H@10: 0.563 | 
[2025-05-15 05:32:54,434][root][INFO] - Epoch: 424 | Loss: 0.0004 | Val - MRR: 0.4771, MR: 3144.52, H@1: 0.433, H@3: 0.494, H@10: 0.559 | 
[2025-05-15 05:33:53,694][root][INFO] - Epoch: 425 | Loss: 0.0004 | Val - MRR: 0.4782, MR: 3105.94, H@1: 0.434, H@3: 0.496, H@10: 0.559 | 
[2025-05-15 05:34:52,204][root][INFO] - Epoch: 426 | Loss: 0.0004 | Val - MRR: 0.4784, MR: 3115.83, H@1: 0.435, H@3: 0.496, H@10: 0.560 | 
[2025-05-15 05:35:50,704][root][INFO] - Epoch: 427 | Loss: 0.0004 | Val - MRR: 0.4793, MR: 3242.74, H@1: 0.436, H@3: 0.496, H@10: 0.560 | 
[2025-05-15 05:36:48,917][root][INFO] - Epoch: 428 | Loss: 0.0004 | Val - MRR: 0.4778, MR: 3142.91, H@1: 0.434, H@3: 0.496, H@10: 0.559 | 
[2025-05-15 05:37:47,204][root][INFO] - Epoch: 429 | Loss: 0.0004 | Val - MRR: 0.4779, MR: 3149.63, H@1: 0.434, H@3: 0.496, H@10: 0.557 | 
[2025-05-15 05:38:44,834][root][INFO] - Epoch: 430 | Loss: 0.0004 | Val - MRR: 0.4797, MR: 3246.65, H@1: 0.437, H@3: 0.497, H@10: 0.559 | 
[2025-05-15 05:39:43,258][root][INFO] - Epoch: 431 | Loss: 0.0004 | Val - MRR: 0.4800, MR: 3183.41, H@1: 0.437, H@3: 0.497, H@10: 0.559 | 
[2025-05-15 05:40:53,885][root][INFO] - Epoch: 432 | Loss: 0.0004 | Val - MRR: 0.4813, MR: 3130.54, H@1: 0.439, H@3: 0.499, H@10: 0.560 | Test - MRR: 0.4795 | *
[2025-05-15 05:41:52,034][root][INFO] - Epoch: 433 | Loss: 0.0004 | Val - MRR: 0.4797, MR: 3142.05, H@1: 0.436, H@3: 0.498, H@10: 0.562 | 
[2025-05-15 05:43:06,175][root][INFO] - Epoch: 434 | Loss: 0.0004 | Val - MRR: 0.4824, MR: 3228.03, H@1: 0.441, H@3: 0.499, H@10: 0.563 | Test - MRR: 0.4818 | *
[2025-05-15 05:44:05,763][root][INFO] - Epoch: 435 | Loss: 0.0004 | Val - MRR: 0.4792, MR: 3150.38, H@1: 0.436, H@3: 0.497, H@10: 0.563 | 
[2025-05-15 05:45:05,960][root][INFO] - Epoch: 436 | Loss: 0.0004 | Val - MRR: 0.4810, MR: 3130.34, H@1: 0.438, H@3: 0.497, H@10: 0.563 | 
[2025-05-15 05:46:04,465][root][INFO] - Epoch: 437 | Loss: 0.0004 | Val - MRR: 0.4799, MR: 3139.26, H@1: 0.437, H@3: 0.497, H@10: 0.562 | 
[2025-05-15 05:47:03,076][root][INFO] - Epoch: 438 | Loss: 0.0004 | Val - MRR: 0.4800, MR: 3137.22, H@1: 0.436, H@3: 0.499, H@10: 0.559 | 
[2025-05-15 05:48:02,397][root][INFO] - Epoch: 439 | Loss: 0.0004 | Val - MRR: 0.4817, MR: 3140.61, H@1: 0.439, H@3: 0.499, H@10: 0.561 | 
[2025-05-15 05:49:00,193][root][INFO] - Epoch: 440 | Loss: 0.0004 | Val - MRR: 0.4791, MR: 3218.60, H@1: 0.436, H@3: 0.496, H@10: 0.559 | 
[2025-05-15 05:49:58,752][root][INFO] - Epoch: 441 | Loss: 0.0004 | Val - MRR: 0.4803, MR: 3189.64, H@1: 0.438, H@3: 0.498, H@10: 0.560 | 
[2025-05-15 05:50:56,318][root][INFO] - Epoch: 442 | Loss: 0.0004 | Val - MRR: 0.4803, MR: 3111.10, H@1: 0.439, H@3: 0.496, H@10: 0.559 | 
[2025-05-15 05:51:54,450][root][INFO] - Epoch: 443 | Loss: 0.0004 | Val - MRR: 0.4814, MR: 3182.46, H@1: 0.439, H@3: 0.497, H@10: 0.560 | 
[2025-05-15 05:52:52,847][root][INFO] - Epoch: 444 | Loss: 0.0004 | Val - MRR: 0.4801, MR: 3251.48, H@1: 0.437, H@3: 0.498, H@10: 0.561 | 
[2025-05-15 05:53:52,295][root][INFO] - Epoch: 445 | Loss: 0.0004 | Val - MRR: 0.4801, MR: 3177.86, H@1: 0.437, H@3: 0.498, H@10: 0.561 | 
[2025-05-15 05:54:51,206][root][INFO] - Epoch: 446 | Loss: 0.0004 | Val - MRR: 0.4809, MR: 3179.82, H@1: 0.439, H@3: 0.498, H@10: 0.560 | 
[2025-05-15 05:55:49,794][root][INFO] - Epoch: 447 | Loss: 0.0004 | Val - MRR: 0.4795, MR: 3159.11, H@1: 0.435, H@3: 0.500, H@10: 0.561 | 
[2025-05-15 05:56:50,522][root][INFO] - Epoch: 448 | Loss: 0.0004 | Val - MRR: 0.4799, MR: 3235.17, H@1: 0.438, H@3: 0.497, H@10: 0.559 | 
[2025-05-15 05:57:49,702][root][INFO] - Epoch: 449 | Loss: 0.0004 | Val - MRR: 0.4797, MR: 3161.21, H@1: 0.437, H@3: 0.497, H@10: 0.560 | 
[2025-05-15 05:58:49,501][root][INFO] - Epoch: 450 | Loss: 0.0004 | Val - MRR: 0.4789, MR: 3120.09, H@1: 0.436, H@3: 0.499, H@10: 0.560 | 
[2025-05-15 05:59:47,470][root][INFO] - Epoch: 451 | Loss: 0.0004 | Val - MRR: 0.4794, MR: 3220.35, H@1: 0.436, H@3: 0.498, H@10: 0.560 | 
[2025-05-15 06:00:45,771][root][INFO] - Epoch: 452 | Loss: 0.0004 | Val - MRR: 0.4798, MR: 3247.95, H@1: 0.436, H@3: 0.499, H@10: 0.562 | 
[2025-05-15 06:01:45,795][root][INFO] - Epoch: 453 | Loss: 0.0004 | Val - MRR: 0.4785, MR: 3257.17, H@1: 0.434, H@3: 0.498, H@10: 0.560 | 
[2025-05-15 06:02:44,610][root][INFO] - Epoch: 454 | Loss: 0.0004 | Val - MRR: 0.4802, MR: 3233.00, H@1: 0.438, H@3: 0.497, H@10: 0.559 | 
[2025-05-15 06:03:46,149][root][INFO] - Epoch: 455 | Loss: 0.0004 | Val - MRR: 0.4790, MR: 3191.00, H@1: 0.435, H@3: 0.498, H@10: 0.560 | 
[2025-05-15 06:04:46,162][root][INFO] - Epoch: 456 | Loss: 0.0004 | Val - MRR: 0.4786, MR: 3195.64, H@1: 0.436, H@3: 0.497, H@10: 0.559 | 
[2025-05-15 06:05:46,334][root][INFO] - Epoch: 457 | Loss: 0.0004 | Val - MRR: 0.4796, MR: 3233.33, H@1: 0.438, H@3: 0.495, H@10: 0.559 | 
[2025-05-15 06:06:45,707][root][INFO] - Epoch: 458 | Loss: 0.0004 | Val - MRR: 0.4818, MR: 3240.55, H@1: 0.440, H@3: 0.499, H@10: 0.559 | 
[2025-05-15 06:07:45,925][root][INFO] - Epoch: 459 | Loss: 0.0004 | Val - MRR: 0.4789, MR: 3193.43, H@1: 0.436, H@3: 0.495, H@10: 0.563 | 
[2025-05-15 06:08:44,203][root][INFO] - Epoch: 460 | Loss: 0.0004 | Val - MRR: 0.4811, MR: 3174.12, H@1: 0.439, H@3: 0.498, H@10: 0.562 | 
[2025-05-15 06:09:40,539][root][INFO] - Epoch: 461 | Loss: 0.0004 | Val - MRR: 0.4795, MR: 3205.19, H@1: 0.437, H@3: 0.497, H@10: 0.559 | 
[2025-05-15 06:10:38,486][root][INFO] - Epoch: 462 | Loss: 0.0004 | Val - MRR: 0.4806, MR: 3169.39, H@1: 0.439, H@3: 0.497, H@10: 0.560 | 
[2025-05-15 06:11:36,812][root][INFO] - Epoch: 463 | Loss: 0.0004 | Val - MRR: 0.4814, MR: 3223.40, H@1: 0.439, H@3: 0.498, H@10: 0.562 | 
[2025-05-15 06:12:36,399][root][INFO] - Epoch: 464 | Loss: 0.0004 | Val - MRR: 0.4812, MR: 3215.75, H@1: 0.440, H@3: 0.497, H@10: 0.560 | 
[2025-05-15 06:13:34,851][root][INFO] - Epoch: 465 | Loss: 0.0004 | Val - MRR: 0.4801, MR: 3170.41, H@1: 0.438, H@3: 0.496, H@10: 0.559 | 
[2025-05-15 06:14:32,560][root][INFO] - Epoch: 466 | Loss: 0.0004 | Val - MRR: 0.4813, MR: 3160.10, H@1: 0.440, H@3: 0.497, H@10: 0.559 | 
[2025-05-15 06:15:31,889][root][INFO] - Epoch: 467 | Loss: 0.0004 | Val - MRR: 0.4809, MR: 3192.67, H@1: 0.439, H@3: 0.497, H@10: 0.559 | 
[2025-05-15 06:16:30,572][root][INFO] - Epoch: 468 | Loss: 0.0004 | Val - MRR: 0.4804, MR: 3167.85, H@1: 0.438, H@3: 0.498, H@10: 0.560 | 
[2025-05-15 06:17:28,823][root][INFO] - Epoch: 469 | Loss: 0.0004 | Val - MRR: 0.4803, MR: 3206.01, H@1: 0.438, H@3: 0.498, H@10: 0.560 | 
[2025-05-15 06:18:26,385][root][INFO] - Epoch: 470 | Loss: 0.0004 | Val - MRR: 0.4813, MR: 3292.36, H@1: 0.439, H@3: 0.499, H@10: 0.561 | 
[2025-05-15 06:19:24,559][root][INFO] - Epoch: 471 | Loss: 0.0004 | Val - MRR: 0.4807, MR: 3152.85, H@1: 0.438, H@3: 0.499, H@10: 0.560 | 
[2025-05-15 06:20:22,344][root][INFO] - Epoch: 472 | Loss: 0.0004 | Val - MRR: 0.4811, MR: 3188.93, H@1: 0.438, H@3: 0.499, H@10: 0.561 | 
[2025-05-15 06:21:18,980][root][INFO] - Epoch: 473 | Loss: 0.0004 | Val - MRR: 0.4802, MR: 3200.02, H@1: 0.438, H@3: 0.496, H@10: 0.561 | 
[2025-05-15 06:22:18,441][root][INFO] - Epoch: 474 | Loss: 0.0004 | Val - MRR: 0.4818, MR: 3231.84, H@1: 0.439, H@3: 0.499, H@10: 0.563 | 
[2025-05-15 06:23:17,674][root][INFO] - Epoch: 475 | Loss: 0.0004 | Val - MRR: 0.4820, MR: 3190.02, H@1: 0.438, H@3: 0.502, H@10: 0.564 | 
[2025-05-15 06:24:16,595][root][INFO] - Epoch: 476 | Loss: 0.0004 | Val - MRR: 0.4823, MR: 3263.89, H@1: 0.441, H@3: 0.498, H@10: 0.561 | 
[2025-05-15 06:25:29,248][root][INFO] - Epoch: 477 | Loss: 0.0004 | Val - MRR: 0.4828, MR: 3280.66, H@1: 0.440, H@3: 0.501, H@10: 0.564 | Test - MRR: 0.4812 | *
[2025-05-15 06:26:30,491][root][INFO] - Epoch: 478 | Loss: 0.0004 | Val - MRR: 0.4819, MR: 3216.94, H@1: 0.439, H@3: 0.500, H@10: 0.561 | 
[2025-05-15 06:27:29,954][root][INFO] - Epoch: 479 | Loss: 0.0004 | Val - MRR: 0.4821, MR: 3232.09, H@1: 0.439, H@3: 0.500, H@10: 0.564 | 
[2025-05-15 06:28:30,037][root][INFO] - Epoch: 480 | Loss: 0.0004 | Val - MRR: 0.4823, MR: 3206.66, H@1: 0.439, H@3: 0.501, H@10: 0.563 | 
[2025-05-15 06:29:29,469][root][INFO] - Epoch: 481 | Loss: 0.0004 | Val - MRR: 0.4819, MR: 3313.31, H@1: 0.439, H@3: 0.500, H@10: 0.564 | 
[2025-05-15 06:30:28,162][root][INFO] - Epoch: 482 | Loss: 0.0004 | Val - MRR: 0.4823, MR: 3184.81, H@1: 0.439, H@3: 0.500, H@10: 0.562 | 
[2025-05-15 06:31:27,139][root][INFO] - Epoch: 483 | Loss: 0.0004 | Val - MRR: 0.4825, MR: 3273.49, H@1: 0.440, H@3: 0.501, H@10: 0.562 | 
[2025-05-15 06:32:26,083][root][INFO] - Epoch: 484 | Loss: 0.0004 | Val - MRR: 0.4824, MR: 3182.63, H@1: 0.440, H@3: 0.502, H@10: 0.559 | 
[2025-05-15 06:33:22,112][root][INFO] - Epoch: 485 | Loss: 0.0004 | Val - MRR: 0.4821, MR: 3196.84, H@1: 0.440, H@3: 0.499, H@10: 0.562 | 
[2025-05-15 06:34:20,778][root][INFO] - Epoch: 486 | Loss: 0.0004 | Val - MRR: 0.4820, MR: 3255.17, H@1: 0.439, H@3: 0.500, H@10: 0.561 | 
[2025-05-15 06:35:29,464][root][INFO] - Epoch: 487 | Loss: 0.0004 | Val - MRR: 0.4829, MR: 3249.66, H@1: 0.440, H@3: 0.502, H@10: 0.563 | Test - MRR: 0.4810 | *
[2025-05-15 06:36:39,030][root][INFO] - Epoch: 488 | Loss: 0.0004 | Val - MRR: 0.4830, MR: 3205.75, H@1: 0.441, H@3: 0.501, H@10: 0.564 | Test - MRR: 0.4809 | *
[2025-05-15 06:37:36,537][root][INFO] - Epoch: 489 | Loss: 0.0004 | Val - MRR: 0.4823, MR: 3222.59, H@1: 0.440, H@3: 0.500, H@10: 0.562 | 
[2025-05-15 06:38:35,041][root][INFO] - Epoch: 490 | Loss: 0.0004 | Val - MRR: 0.4819, MR: 3275.86, H@1: 0.439, H@3: 0.500, H@10: 0.563 | 
[2025-05-15 06:39:34,025][root][INFO] - Epoch: 491 | Loss: 0.0004 | Val - MRR: 0.4817, MR: 3177.31, H@1: 0.439, H@3: 0.499, H@10: 0.561 | 
[2025-05-15 06:40:31,301][root][INFO] - Epoch: 492 | Loss: 0.0004 | Val - MRR: 0.4815, MR: 3337.18, H@1: 0.439, H@3: 0.500, H@10: 0.559 | 
[2025-05-15 06:41:29,869][root][INFO] - Epoch: 493 | Loss: 0.0004 | Val - MRR: 0.4804, MR: 3265.59, H@1: 0.436, H@3: 0.500, H@10: 0.561 | 
[2025-05-15 06:42:29,851][root][INFO] - Epoch: 494 | Loss: 0.0004 | Val - MRR: 0.4819, MR: 3206.93, H@1: 0.439, H@3: 0.500, H@10: 0.562 | 
[2025-05-15 06:43:30,165][root][INFO] - Epoch: 495 | Loss: 0.0004 | Val - MRR: 0.4803, MR: 3231.08, H@1: 0.437, H@3: 0.499, H@10: 0.562 | 
[2025-05-15 06:44:30,550][root][INFO] - Epoch: 496 | Loss: 0.0004 | Val - MRR: 0.4820, MR: 3206.55, H@1: 0.439, H@3: 0.499, H@10: 0.562 | 
[2025-05-15 06:45:28,337][root][INFO] - Epoch: 497 | Loss: 0.0004 | Val - MRR: 0.4817, MR: 3239.86, H@1: 0.439, H@3: 0.499, H@10: 0.562 | 
[2025-05-15 06:46:27,129][root][INFO] - Epoch: 498 | Loss: 0.0004 | Val - MRR: 0.4811, MR: 3214.48, H@1: 0.438, H@3: 0.500, H@10: 0.563 | 
[2025-05-15 06:47:24,725][root][INFO] - Epoch: 499 | Loss: 0.0004 | Val - MRR: 0.4819, MR: 3255.20, H@1: 0.439, H@3: 0.499, H@10: 0.563 | 
[2025-05-15 06:48:24,482][root][INFO] - Epoch: 500 | Loss: 0.0004 | Val - MRR: 0.4820, MR: 3254.60, H@1: 0.440, H@3: 0.498, H@10: 0.563 | 
[2025-05-15 06:49:23,210][root][INFO] - Epoch: 501 | Loss: 0.0004 | Val - MRR: 0.4816, MR: 3222.25, H@1: 0.439, H@3: 0.500, H@10: 0.559 | 
[2025-05-15 06:50:23,166][root][INFO] - Epoch: 502 | Loss: 0.0004 | Val - MRR: 0.4807, MR: 3221.23, H@1: 0.438, H@3: 0.498, H@10: 0.562 | 
[2025-05-15 06:51:21,853][root][INFO] - Epoch: 503 | Loss: 0.0004 | Val - MRR: 0.4828, MR: 3176.83, H@1: 0.440, H@3: 0.500, H@10: 0.562 | 
[2025-05-15 06:52:20,037][root][INFO] - Epoch: 504 | Loss: 0.0004 | Val - MRR: 0.4817, MR: 3211.95, H@1: 0.439, H@3: 0.499, H@10: 0.563 | 
[2025-05-15 06:53:21,227][root][INFO] - Epoch: 505 | Loss: 0.0004 | Val - MRR: 0.4824, MR: 3237.78, H@1: 0.441, H@3: 0.498, H@10: 0.563 | 
[2025-05-15 06:54:19,627][root][INFO] - Epoch: 506 | Loss: 0.0004 | Val - MRR: 0.4820, MR: 3190.45, H@1: 0.439, H@3: 0.499, H@10: 0.564 | 
[2025-05-15 06:55:18,045][root][INFO] - Epoch: 507 | Loss: 0.0004 | Val - MRR: 0.4820, MR: 3245.94, H@1: 0.441, H@3: 0.498, H@10: 0.562 | 
[2025-05-15 06:56:17,256][root][INFO] - Epoch: 508 | Loss: 0.0004 | Val - MRR: 0.4808, MR: 3168.80, H@1: 0.438, H@3: 0.498, H@10: 0.563 | 
[2025-05-15 06:57:16,973][root][INFO] - Epoch: 509 | Loss: 0.0004 | Val - MRR: 0.4806, MR: 3174.33, H@1: 0.438, H@3: 0.497, H@10: 0.563 | 
[2025-05-15 06:58:17,451][root][INFO] - Epoch: 510 | Loss: 0.0004 | Val - MRR: 0.4806, MR: 3165.18, H@1: 0.438, H@3: 0.497, H@10: 0.561 | 
[2025-05-15 06:59:17,399][root][INFO] - Epoch: 511 | Loss: 0.0004 | Val - MRR: 0.4807, MR: 3285.26, H@1: 0.438, H@3: 0.499, H@10: 0.561 | 
[2025-05-15 07:00:17,216][root][INFO] - Epoch: 512 | Loss: 0.0004 | Val - MRR: 0.4811, MR: 3240.89, H@1: 0.438, H@3: 0.499, H@10: 0.561 | 
[2025-05-15 07:01:17,470][root][INFO] - Epoch: 513 | Loss: 0.0004 | Val - MRR: 0.4818, MR: 3182.62, H@1: 0.440, H@3: 0.498, H@10: 0.564 | 
[2025-05-15 07:02:16,920][root][INFO] - Epoch: 514 | Loss: 0.0004 | Val - MRR: 0.4799, MR: 3156.32, H@1: 0.437, H@3: 0.499, H@10: 0.561 | 
[2025-05-15 07:03:16,231][root][INFO] - Epoch: 515 | Loss: 0.0004 | Val - MRR: 0.4804, MR: 3221.04, H@1: 0.437, H@3: 0.501, H@10: 0.563 | 
[2025-05-15 07:04:16,190][root][INFO] - Epoch: 516 | Loss: 0.0004 | Val - MRR: 0.4802, MR: 3217.16, H@1: 0.437, H@3: 0.498, H@10: 0.562 | 
[2025-05-15 07:05:16,622][root][INFO] - Epoch: 517 | Loss: 0.0004 | Val - MRR: 0.4805, MR: 3219.73, H@1: 0.438, H@3: 0.498, H@10: 0.561 | 
[2025-05-15 07:06:15,925][root][INFO] - Epoch: 518 | Loss: 0.0004 | Val - MRR: 0.4808, MR: 3295.11, H@1: 0.438, H@3: 0.498, H@10: 0.563 | 
[2025-05-15 07:07:14,621][root][INFO] - Epoch: 519 | Loss: 0.0004 | Val - MRR: 0.4810, MR: 3159.43, H@1: 0.439, H@3: 0.499, H@10: 0.562 | 
[2025-05-15 07:08:13,598][root][INFO] - Epoch: 520 | Loss: 0.0004 | Val - MRR: 0.4805, MR: 3243.42, H@1: 0.438, H@3: 0.498, H@10: 0.564 | 
[2025-05-15 07:09:12,782][root][INFO] - Epoch: 521 | Loss: 0.0004 | Val - MRR: 0.4805, MR: 3248.32, H@1: 0.438, H@3: 0.499, H@10: 0.562 | 
[2025-05-15 07:10:11,803][root][INFO] - Epoch: 522 | Loss: 0.0004 | Val - MRR: 0.4822, MR: 3261.47, H@1: 0.440, H@3: 0.499, H@10: 0.564 | 
[2025-05-15 07:11:10,328][root][INFO] - Epoch: 523 | Loss: 0.0004 | Val - MRR: 0.4812, MR: 3256.09, H@1: 0.439, H@3: 0.498, H@10: 0.564 | 
[2025-05-15 07:12:07,195][root][INFO] - Epoch: 524 | Loss: 0.0004 | Val - MRR: 0.4809, MR: 3190.00, H@1: 0.438, H@3: 0.498, H@10: 0.563 | 
[2025-05-15 07:13:06,524][root][INFO] - Epoch: 525 | Loss: 0.0004 | Val - MRR: 0.4816, MR: 3241.68, H@1: 0.439, H@3: 0.497, H@10: 0.565 | 
[2025-05-15 07:14:05,821][root][INFO] - Epoch: 526 | Loss: 0.0004 | Val - MRR: 0.4802, MR: 3309.76, H@1: 0.438, H@3: 0.497, H@10: 0.561 | 
[2025-05-15 07:15:05,523][root][INFO] - Epoch: 527 | Loss: 0.0004 | Val - MRR: 0.4817, MR: 3309.57, H@1: 0.439, H@3: 0.499, H@10: 0.563 | 
[2025-05-15 07:16:03,839][root][INFO] - Epoch: 528 | Loss: 0.0004 | Val - MRR: 0.4803, MR: 3223.94, H@1: 0.438, H@3: 0.498, H@10: 0.560 | 
[2025-05-15 07:17:01,859][root][INFO] - Epoch: 529 | Loss: 0.0004 | Val - MRR: 0.4817, MR: 3235.37, H@1: 0.439, H@3: 0.498, H@10: 0.563 | 
[2025-05-15 07:17:58,878][root][INFO] - Epoch: 530 | Loss: 0.0004 | Val - MRR: 0.4824, MR: 3295.61, H@1: 0.441, H@3: 0.497, H@10: 0.563 | 
[2025-05-15 07:18:56,749][root][INFO] - Epoch: 531 | Loss: 0.0004 | Val - MRR: 0.4822, MR: 3349.96, H@1: 0.440, H@3: 0.499, H@10: 0.564 | 
[2025-05-15 07:19:55,497][root][INFO] - Epoch: 532 | Loss: 0.0004 | Val - MRR: 0.4818, MR: 3290.42, H@1: 0.440, H@3: 0.498, H@10: 0.563 | 
[2025-05-15 07:20:55,620][root][INFO] - Epoch: 533 | Loss: 0.0004 | Val - MRR: 0.4829, MR: 3286.92, H@1: 0.442, H@3: 0.498, H@10: 0.564 | 
[2025-05-15 07:21:54,567][root][INFO] - Epoch: 534 | Loss: 0.0004 | Val - MRR: 0.4823, MR: 3210.15, H@1: 0.440, H@3: 0.500, H@10: 0.564 | 
[2025-05-15 07:22:53,831][root][INFO] - Epoch: 535 | Loss: 0.0004 | Val - MRR: 0.4822, MR: 3230.15, H@1: 0.439, H@3: 0.500, H@10: 0.565 | 
[2025-05-15 07:23:53,192][root][INFO] - Epoch: 536 | Loss: 0.0004 | Val - MRR: 0.4819, MR: 3269.06, H@1: 0.440, H@3: 0.498, H@10: 0.564 | 
[2025-05-15 07:24:54,475][root][INFO] - Epoch: 537 | Loss: 0.0004 | Val - MRR: 0.4812, MR: 3229.13, H@1: 0.438, H@3: 0.499, H@10: 0.564 | 
[2025-05-15 07:25:55,487][root][INFO] - Epoch: 538 | Loss: 0.0004 | Val - MRR: 0.4812, MR: 3278.05, H@1: 0.439, H@3: 0.497, H@10: 0.562 | 
[2025-05-15 07:26:52,892][root][INFO] - Epoch: 539 | Loss: 0.0004 | Val - MRR: 0.4820, MR: 3303.48, H@1: 0.440, H@3: 0.499, H@10: 0.563 | 
[2025-05-15 07:26:52,893][root][INFO] - Long time no improvenment, stop training...
[2025-05-15 07:26:52,893][root][INFO] - Training end...
[2025-05-15 07:26:52,971][root][INFO] - Train metrics ...
[2025-05-15 07:28:28,786][root][INFO] - Train (head) - MRR: 0.9838, MR:    1.09, H@1: 0.975, H@3: 0.991, H@10: 0.998
[2025-05-15 07:28:28,786][root][INFO] - Train (tail) - MRR: 0.9828, MR:    1.12, H@1: 0.974, H@3: 0.990, H@10: 0.997
[2025-05-15 07:28:28,786][root][INFO] - Train (avg) - MRR: 0.9833, MR:    1.11, H@1: 0.975, H@3: 0.990, H@10: 0.997

[2025-05-15 07:28:28,787][root][INFO] - Valid metrics ...
[2025-05-15 07:28:39,247][root][INFO] - Valid (head) - MRR: 0.4585, MR: 2595.20, H@1: 0.416, H@3: 0.476, H@10: 0.538
[2025-05-15 07:28:39,247][root][INFO] - Valid (tail) - MRR: 0.5075, MR: 3816.30, H@1: 0.465, H@3: 0.526, H@10: 0.589
[2025-05-15 07:28:39,247][root][INFO] - Valid (avg) - MRR: 0.4830, MR: 3205.75, H@1: 0.441, H@3: 0.501, H@10: 0.564

[2025-05-15 07:28:39,247][root][INFO] - Test metrics...
[2025-05-15 07:28:49,515][root][INFO] - Test (head) - MRR: 0.4544, MR: 2680.10, H@1: 0.411, H@3: 0.471, H@10: 0.533
[2025-05-15 07:28:49,515][root][INFO] - Test (tail) - MRR: 0.5073, MR: 4204.18, H@1: 0.459, H@3: 0.534, H@10: 0.597
[2025-05-15 07:28:49,515][root][INFO] - Test (avg) - MRR: 0.4809, MR: 3442.14, H@1: 0.435, H@3: 0.503, H@10: 0.565

[2025-05-15 07:28:49,515][root][INFO] - Model save path: /home/evsjtu/wcf/SE-GNN-main/data/output/WN18RR/2025-05-14/20-45-11
